<?xml version="1.0" encoding="UTF-8"?>
<robot generator="Robot 4.1.1 (Python 3.9.5 on win32)" generated="20210922 19:47:44.144" rpa="false" schemaversion="2">
<suite id="s1" name="Zoral" source="E:\Django\Robot v2\Tests\FunctionalTests\Zoral.robot">
<test id="s1-t1" name="Login">
<kw name="Start TestCase" library="CommonFunctionality">
<kw name="Open Browser" library="SeleniumLibrary">
<arg>${base_url}</arg>
<arg>${browser}</arg>
<doc>Opens a new browser instance to the optional ``url``.</doc>
<msg timestamp="20210922 19:47:44.333" level="INFO">Opening browser 'chrome' to base url 'https://www.aihitdata.com/'.</msg>
<status status="PASS" starttime="20210922 19:47:44.332" endtime="20210922 19:47:46.823"/>
</kw>
<kw name="Maximize Browser Window" library="SeleniumLibrary">
<doc>Maximizes current browser window.</doc>
<status status="PASS" starttime="20210922 19:47:46.823" endtime="20210922 19:47:46.947"/>
</kw>
<status status="PASS" starttime="20210922 19:47:44.332" endtime="20210922 19:47:46.947"/>
</kw>
<kw name="Login" library="LoginKeywords">
<kw name="Wait Until Page Contains Element" library="SeleniumLibrary">
<arg>//html/body/div[2]/nav/div/div[2]/div/a[2]</arg>
<doc>Waits until the element ``locator`` appears on the current page.</doc>
<status status="PASS" starttime="20210922 19:47:46.948" endtime="20210922 19:47:47.170"/>
</kw>
<kw name="Click Link" library="SeleniumLibrary">
<arg>//html/body/div[2]/nav/div/div[2]/div/a[2]</arg>
<doc>Clicks a link identified by ``locator``.</doc>
<msg timestamp="20210922 19:47:47.171" level="INFO">Clicking link '//html/body/div[2]/nav/div/div[2]/div/a[2]'.</msg>
<status status="PASS" starttime="20210922 19:47:47.170" endtime="20210922 19:47:47.609"/>
</kw>
<kw name="Input Text" library="SeleniumLibrary">
<arg>id:email</arg>
<arg>${login}</arg>
<doc>Types the given ``text`` into the text field identified by ``locator``.</doc>
<msg timestamp="20210922 19:47:47.610" level="INFO">Typing text 'hiphopesthete@gmail.com' into text field 'id:email'.</msg>
<status status="PASS" starttime="20210922 19:47:47.609" endtime="20210922 19:47:48.207"/>
</kw>
<kw name="Input Password" library="SeleniumLibrary">
<arg>id:password</arg>
<arg>${password}</arg>
<doc>Types the given password into the text field identified by ``locator``.</doc>
<msg timestamp="20210922 19:47:48.207" level="INFO">Typing password into text field 'id:password'.</msg>
<msg timestamp="20210922 19:47:48.243" level="INFO">Temporally setting log level to: NONE</msg>
<msg timestamp="20210922 19:47:48.290" level="INFO">Log level changed from NONE to INFO.</msg>
<status status="PASS" starttime="20210922 19:47:48.207" endtime="20210922 19:47:48.290"/>
</kw>
<kw name="Click Element" library="SeleniumLibrary">
<arg>id:submit</arg>
<doc>Click the element identified by ``locator``.</doc>
<msg timestamp="20210922 19:47:48.290" level="INFO">Clicking element 'id:submit'.</msg>
<status status="PASS" starttime="20210922 19:47:48.290" endtime="20210922 19:47:50.496"/>
</kw>
<status status="PASS" starttime="20210922 19:47:46.948" endtime="20210922 19:47:50.496"/>
</kw>
<doc>This test login case</doc>
<tag>Functional</tag>
<status status="PASS" starttime="20210922 19:47:44.331" endtime="20210922 19:47:50.497"/>
</test>
<test id="s1-t2" name="Search">
<kw name="Verify Search Results" library="SearchKeywords">
<kw name="Input Text" library="SeleniumLibrary">
<arg>id:industry</arg>
<arg>${industry}</arg>
<doc>Types the given ``text`` into the text field identified by ``locator``.</doc>
<msg timestamp="20210922 19:47:50.499" level="INFO">Typing text 'mortgage' into text field 'id:industry'.</msg>
<status status="PASS" starttime="20210922 19:47:50.499" endtime="20210922 19:47:50.660"/>
</kw>
<kw name="Input Text" library="SeleniumLibrary">
<arg>id:location</arg>
<arg>${location}</arg>
<doc>Types the given ``text`` into the text field identified by ``locator``.</doc>
<msg timestamp="20210922 19:47:50.660" level="INFO">Typing text 'US' into text field 'id:location'.</msg>
<status status="PASS" starttime="20210922 19:47:50.660" endtime="20210922 19:47:50.729"/>
</kw>
<kw name="Click Element" library="SeleniumLibrary">
<arg>//html/body/div[2]/div/div[2]/div/div/form/button</arg>
<doc>Click the element identified by ``locator``.</doc>
<msg timestamp="20210922 19:47:50.729" level="INFO">Clicking element '//html/body/div[2]/div/div[2]/div/div/form/button'.</msg>
<status status="PASS" starttime="20210922 19:47:50.729" endtime="20210922 19:47:52.785"/>
</kw>
<status status="PASS" starttime="20210922 19:47:50.498" endtime="20210922 19:47:52.785"/>
</kw>
<doc>This test search case</doc>
<tag>Functional</tag>
<status status="PASS" starttime="20210922 19:47:50.498" endtime="20210922 19:47:52.786"/>
</test>
<test id="s1-t3" name="Collect scraping">
<kw name="Collect" library="CollectScrapingKeywords">
<kw name="Get Element Count" library="SeleniumLibrary">
<var>${links}</var>
<arg>//html/body/div[2]/div[2]/div[2]/div/div/div[contains(@class, 'panel-default')]//a</arg>
<doc>Returns the number of elements matching ``locator``.</doc>
<msg timestamp="20210922 19:47:52.797" level="INFO">${links} = 30</msg>
<status status="PASS" starttime="20210922 19:47:52.788" endtime="20210922 19:47:52.797"/>
</kw>
<kw name="Log" library="BuiltIn">
<arg>${links}</arg>
<doc>Logs the given message with the given level.</doc>
<msg timestamp="20210922 19:47:52.798" level="INFO">30</msg>
<status status="PASS" starttime="20210922 19:47:52.797" endtime="20210922 19:47:52.798"/>
</kw>
<for flavor="IN RANGE">
<var>${index}</var>
<value>${links}</value>
<iter>
<var name="${index}">0</var>
<kw name="Evaluate" library="BuiltIn">
<var>${url}</var>
<arg>${index} + 1</arg>
<doc>Evaluates the given expression in Python and returns the result.</doc>
<msg timestamp="20210922 19:47:52.798" level="INFO">${url} = 1</msg>
<status status="PASS" starttime="20210922 19:47:52.798" endtime="20210922 19:47:52.798"/>
</kw>
<kw name="Log" library="BuiltIn">
<arg>${url}</arg>
<doc>Logs the given message with the given level.</doc>
<msg timestamp="20210922 19:47:52.798" level="INFO">1</msg>
<status status="PASS" starttime="20210922 19:47:52.798" endtime="20210922 19:47:52.798"/>
</kw>
<kw name="Wait Until Page Contains Element" library="SeleniumLibrary">
<arg>//html/body/div[2]/div[2]/div[1]/div/div/form[1]/button</arg>
<doc>Waits until the element ``locator`` appears on the current page.</doc>
<status status="PASS" starttime="20210922 19:47:52.799" endtime="20210922 19:47:52.805"/>
</kw>
<kw name="Get WebElement" library="SeleniumLibrary">
<var>${new_link}</var>
<arg>//html/body/div[2]/div[2]/div[2]/div/div/div[contains(@class, 'panel-default')][${url}]//a</arg>
<doc>Returns the first WebElement matching the given ``locator``.</doc>
<msg timestamp="20210922 19:47:52.813" level="INFO">${new_link} = &lt;selenium.webdriver.remote.webelement.WebElement (session="64c4ba48645c7b146f14a5ffae96b922", element="d94dfbd2-9a1f-4186-a439-f8607dc5ab31")&gt;</msg>
<status status="PASS" starttime="20210922 19:47:52.806" endtime="20210922 19:47:52.813"/>
</kw>
<kw name="Get Element Attribute" library="SeleniumLibrary">
<var>${text}</var>
<arg>${new_link}</arg>
<arg>href</arg>
<doc>Returns the value of ``attribute`` from the element ``locator``.</doc>
<msg timestamp="20210922 19:47:52.818" level="INFO">${text} = https://www.aihitdata.com/company/02352595/first-valley-funding/overview</msg>
<status status="PASS" starttime="20210922 19:47:52.813" endtime="20210922 19:47:52.818"/>
</kw>
<kw name="Go To" library="SeleniumLibrary">
<arg>${text}</arg>
<doc>Navigates the current browser window to the provided ``url``.</doc>
<msg timestamp="20210922 19:47:52.818" level="INFO">Opening url 'https://www.aihitdata.com/company/02352595/first-valley-funding/overview'</msg>
<status status="PASS" starttime="20210922 19:47:52.818" endtime="20210922 19:47:54.467"/>
</kw>
<kw name="Search fields" library="ScrapeKeywords">
<kw name="Wait Until Page Contains Element" library="SeleniumLibrary">
<arg>//h1</arg>
<doc>Waits until the element ``locator`` appears on the current page.</doc>
<status status="PASS" starttime="20210922 19:47:54.467" endtime="20210922 19:47:54.478"/>
</kw>
<kw name="Run Keyword And Ignore Error" library="BuiltIn">
<arg>Find name</arg>
<doc>Runs the given keyword with the given arguments and ignores possible error.</doc>
<kw name="Find name" library="ScrapeKeywords">
<kw name="Wait Until Page Contains Element" library="SeleniumLibrary">
<arg>//h1</arg>
<doc>Waits until the element ``locator`` appears on the current page.</doc>
<status status="PASS" starttime="20210922 19:47:54.479" endtime="20210922 19:47:54.485"/>
</kw>
<kw name="Get Text" library="SeleniumLibrary">
<var>${name}</var>
<arg>//h1</arg>
<doc>Returns the text value of the element identified by ``locator``.</doc>
<msg timestamp="20210922 19:47:54.498" level="INFO">${name} = FIRST VALLEY FUNDING</msg>
<status status="PASS" starttime="20210922 19:47:54.485" endtime="20210922 19:47:54.498"/>
</kw>
<kw name="Append To List" library="Collections">
<arg>${output}</arg>
<arg>${name}</arg>
<doc>Adds ``values`` to the end of ``list``.</doc>
<status status="PASS" starttime="20210922 19:47:54.498" endtime="20210922 19:47:54.499"/>
</kw>
<status status="PASS" starttime="20210922 19:47:54.478" endtime="20210922 19:47:54.499"/>
</kw>
<status status="PASS" starttime="20210922 19:47:54.478" endtime="20210922 19:47:54.499"/>
</kw>
<kw name="Run Keyword And Ignore Error" library="BuiltIn">
<arg>Find website</arg>
<doc>Runs the given keyword with the given arguments and ignores possible error.</doc>
<kw name="Find website" library="ScrapeKeywords">
<kw name="Get Text" library="SeleniumLibrary">
<var>${website}</var>
<arg>//*[./*[contains(@class, 'icon-home')]]/a</arg>
<doc>Returns the text value of the element identified by ``locator``.</doc>
<msg timestamp="20210922 19:47:54.550" level="INFO">${website} = firstvalleymortgages.com</msg>
<status status="PASS" starttime="20210922 19:47:54.499" endtime="20210922 19:47:54.550"/>
</kw>
<kw name="Append To List" library="Collections">
<arg>${output}</arg>
<arg>${website}</arg>
<doc>Adds ``values`` to the end of ``list``.</doc>
<status status="PASS" starttime="20210922 19:47:54.551" endtime="20210922 19:47:54.551"/>
</kw>
<status status="PASS" starttime="20210922 19:47:54.499" endtime="20210922 19:47:54.551"/>
</kw>
<status status="PASS" starttime="20210922 19:47:54.499" endtime="20210922 19:47:54.551"/>
</kw>
<kw name="Run Keyword And Ignore Error" library="BuiltIn">
<arg>Find adress</arg>
<doc>Runs the given keyword with the given arguments and ignores possible error.</doc>
<kw name="Find adress" library="ScrapeKeywords">
<kw name="Get Text" library="SeleniumLibrary">
<var>${adress}</var>
<arg>//*[./*[contains(@class, 'icon-map-marker')]]</arg>
<doc>Returns the text value of the element identified by ``locator``.</doc>
<msg timestamp="20210922 19:47:54.574" level="INFO">${adress} = 1031 US-202 North Branchburg, NJ 08876</msg>
<status status="PASS" starttime="20210922 19:47:54.552" endtime="20210922 19:47:54.574"/>
</kw>
<kw name="Append To List" library="Collections">
<arg>${output}</arg>
<arg>${adress}</arg>
<doc>Adds ``values`` to the end of ``list``.</doc>
<status status="PASS" starttime="20210922 19:47:54.574" endtime="20210922 19:47:54.574"/>
</kw>
<status status="PASS" starttime="20210922 19:47:54.551" endtime="20210922 19:47:54.575"/>
</kw>
<status status="PASS" starttime="20210922 19:47:54.551" endtime="20210922 19:47:54.575"/>
</kw>
<kw name="Run Keyword And Ignore Error" library="BuiltIn">
<arg>Find email</arg>
<doc>Runs the given keyword with the given arguments and ignores possible error.</doc>
<kw name="Find email" library="ScrapeKeywords">
<kw name="Get Text" library="SeleniumLibrary">
<var>${email}</var>
<arg>//*[./*[contains(@class, 'icon-email')]]/a</arg>
<doc>Returns the text value of the element identified by ``locator``.</doc>
<msg timestamp="20210922 19:47:54.599" level="INFO">${email} = firstvalleyfunding@gmail.com</msg>
<status status="PASS" starttime="20210922 19:47:54.575" endtime="20210922 19:47:54.599"/>
</kw>
<kw name="Append To List" library="Collections">
<arg>${output}</arg>
<arg>${email}</arg>
<doc>Adds ``values`` to the end of ``list``.</doc>
<status status="PASS" starttime="20210922 19:47:54.599" endtime="20210922 19:47:54.600"/>
</kw>
<status status="PASS" starttime="20210922 19:47:54.575" endtime="20210922 19:47:54.600"/>
</kw>
<status status="PASS" starttime="20210922 19:47:54.575" endtime="20210922 19:47:54.600"/>
</kw>
<kw name="Run Keyword And Ignore Error" library="BuiltIn">
<arg>Find phone</arg>
<doc>Runs the given keyword with the given arguments and ignores possible error.</doc>
<kw name="Find phone" library="ScrapeKeywords">
<kw name="Get Text" library="SeleniumLibrary">
<var>${phone}</var>
<arg>//*[./*[contains(@class, 'icon-phone')]]</arg>
<doc>Returns the text value of the element identified by ``locator``.</doc>
<kw name="Capture Page Screenshot" library="SeleniumLibrary">
<doc>Takes a screenshot of the current page and embeds it into a log file.</doc>
<msg timestamp="20210922 19:47:54.742" level="INFO" html="true">&lt;/td&gt;&lt;/tr&gt;&lt;tr&gt;&lt;td colspan="3"&gt;&lt;a href="selenium-screenshot-1.png"&gt;&lt;img src="selenium-screenshot-1.png" width="800px"&gt;&lt;/a&gt;</msg>
<status status="PASS" starttime="20210922 19:47:54.610" endtime="20210922 19:47:54.743"/>
</kw>
<msg timestamp="20210922 19:47:54.745" level="FAIL">Element with locator '//*[./*[contains(@class, 'icon-phone')]]' not found.</msg>
<status status="FAIL" starttime="20210922 19:47:54.600" endtime="20210922 19:47:54.746"/>
</kw>
<kw name="Append To List" library="Collections">
<arg>${output}</arg>
<arg>${phone}</arg>
<doc>Adds ``values`` to the end of ``list``.</doc>
<status status="NOT RUN" starttime="20210922 19:47:54.746" endtime="20210922 19:47:54.746"/>
</kw>
<status status="FAIL" starttime="20210922 19:47:54.600" endtime="20210922 19:47:54.747"/>
</kw>
<status status="PASS" starttime="20210922 19:47:54.600" endtime="20210922 19:47:54.747"/>
</kw>
<status status="PASS" starttime="20210922 19:47:54.467" endtime="20210922 19:47:54.747"/>
</kw>
<kw name="Collect result" library="ScrapeKeywords">
<kw name="Get From List" library="Collections">
<var>${name}</var>
<arg>${output}</arg>
<arg>0</arg>
<doc>Returns the value specified with an ``index`` from ``list``.</doc>
<msg timestamp="20210922 19:47:54.747" level="INFO">${name} = FIRST VALLEY FUNDING</msg>
<status status="PASS" starttime="20210922 19:47:54.747" endtime="20210922 19:47:54.747"/>
</kw>
<status status="PASS" starttime="20210922 19:47:54.747" endtime="20210922 19:47:54.748"/>
</kw>
<kw name="Go Back" library="SeleniumLibrary">
<doc>Simulates the user clicking the back button on their browser.</doc>
<status status="PASS" starttime="20210922 19:47:54.748" endtime="20210922 19:47:55.125"/>
</kw>
<status status="PASS" starttime="20210922 19:47:52.798" endtime="20210922 19:47:55.125"/>
</iter>
<iter>
<var name="${index}">1</var>
<kw name="Evaluate" library="BuiltIn">
<var>${url}</var>
<arg>${index} + 1</arg>
<doc>Evaluates the given expression in Python and returns the result.</doc>
<msg timestamp="20210922 19:47:55.125" level="INFO">${url} = 2</msg>
<status status="PASS" starttime="20210922 19:47:55.125" endtime="20210922 19:47:55.126"/>
</kw>
<kw name="Log" library="BuiltIn">
<arg>${url}</arg>
<doc>Logs the given message with the given level.</doc>
<msg timestamp="20210922 19:47:55.126" level="INFO">2</msg>
<status status="PASS" starttime="20210922 19:47:55.126" endtime="20210922 19:47:55.126"/>
</kw>
<kw name="Wait Until Page Contains Element" library="SeleniumLibrary">
<arg>//html/body/div[2]/div[2]/div[1]/div/div/form[1]/button</arg>
<doc>Waits until the element ``locator`` appears on the current page.</doc>
<status status="PASS" starttime="20210922 19:47:55.126" endtime="20210922 19:47:55.171"/>
</kw>
<kw name="Get WebElement" library="SeleniumLibrary">
<var>${new_link}</var>
<arg>//html/body/div[2]/div[2]/div[2]/div/div/div[contains(@class, 'panel-default')][${url}]//a</arg>
<doc>Returns the first WebElement matching the given ``locator``.</doc>
<msg timestamp="20210922 19:47:55.181" level="INFO">${new_link} = &lt;selenium.webdriver.remote.webelement.WebElement (session="64c4ba48645c7b146f14a5ffae96b922", element="b3733ed4-c708-405f-ae63-4783e7032200")&gt;</msg>
<status status="PASS" starttime="20210922 19:47:55.171" endtime="20210922 19:47:55.181"/>
</kw>
<kw name="Get Element Attribute" library="SeleniumLibrary">
<var>${text}</var>
<arg>${new_link}</arg>
<arg>href</arg>
<doc>Returns the value of ``attribute`` from the element ``locator``.</doc>
<msg timestamp="20210922 19:47:55.187" level="INFO">${text} = https://www.aihitdata.com/company/0058D6CF/cbc-national-banks/overview</msg>
<status status="PASS" starttime="20210922 19:47:55.181" endtime="20210922 19:47:55.187"/>
</kw>
<kw name="Go To" library="SeleniumLibrary">
<arg>${text}</arg>
<doc>Navigates the current browser window to the provided ``url``.</doc>
<msg timestamp="20210922 19:47:55.187" level="INFO">Opening url 'https://www.aihitdata.com/company/0058D6CF/cbc-national-banks/overview'</msg>
<status status="PASS" starttime="20210922 19:47:55.187" endtime="20210922 19:47:56.419"/>
</kw>
<kw name="Search fields" library="ScrapeKeywords">
<kw name="Wait Until Page Contains Element" library="SeleniumLibrary">
<arg>//h1</arg>
<doc>Waits until the element ``locator`` appears on the current page.</doc>
<status status="PASS" starttime="20210922 19:47:56.419" endtime="20210922 19:47:56.427"/>
</kw>
<kw name="Run Keyword And Ignore Error" library="BuiltIn">
<arg>Find name</arg>
<doc>Runs the given keyword with the given arguments and ignores possible error.</doc>
<kw name="Find name" library="ScrapeKeywords">
<kw name="Wait Until Page Contains Element" library="SeleniumLibrary">
<arg>//h1</arg>
<doc>Waits until the element ``locator`` appears on the current page.</doc>
<status status="PASS" starttime="20210922 19:47:56.429" endtime="20210922 19:47:56.436"/>
</kw>
<kw name="Get Text" library="SeleniumLibrary">
<var>${name}</var>
<arg>//h1</arg>
<doc>Returns the text value of the element identified by ``locator``.</doc>
<msg timestamp="20210922 19:47:56.455" level="INFO">${name} = CBC NATIONAL BANKS</msg>
<status status="PASS" starttime="20210922 19:47:56.436" endtime="20210922 19:47:56.455"/>
</kw>
<kw name="Append To List" library="Collections">
<arg>${output}</arg>
<arg>${name}</arg>
<doc>Adds ``values`` to the end of ``list``.</doc>
<status status="PASS" starttime="20210922 19:47:56.455" endtime="20210922 19:47:56.455"/>
</kw>
<status status="PASS" starttime="20210922 19:47:56.428" endtime="20210922 19:47:56.455"/>
</kw>
<status status="PASS" starttime="20210922 19:47:56.428" endtime="20210922 19:47:56.455"/>
</kw>
<kw name="Run Keyword And Ignore Error" library="BuiltIn">
<arg>Find website</arg>
<doc>Runs the given keyword with the given arguments and ignores possible error.</doc>
<kw name="Find website" library="ScrapeKeywords">
<kw name="Get Text" library="SeleniumLibrary">
<var>${website}</var>
<arg>//*[./*[contains(@class, 'icon-home')]]/a</arg>
<doc>Returns the text value of the element identified by ``locator``.</doc>
<msg timestamp="20210922 19:47:56.503" level="INFO">${website} = www.cbcnationalbankmortgage.com</msg>
<status status="PASS" starttime="20210922 19:47:56.456" endtime="20210922 19:47:56.503"/>
</kw>
<kw name="Append To List" library="Collections">
<arg>${output}</arg>
<arg>${website}</arg>
<doc>Adds ``values`` to the end of ``list``.</doc>
<status status="PASS" starttime="20210922 19:47:56.503" endtime="20210922 19:47:56.504"/>
</kw>
<status status="PASS" starttime="20210922 19:47:56.456" endtime="20210922 19:47:56.504"/>
</kw>
<status status="PASS" starttime="20210922 19:47:56.456" endtime="20210922 19:47:56.504"/>
</kw>
<kw name="Run Keyword And Ignore Error" library="BuiltIn">
<arg>Find adress</arg>
<doc>Runs the given keyword with the given arguments and ignores possible error.</doc>
<kw name="Find adress" library="ScrapeKeywords">
<kw name="Get Text" library="SeleniumLibrary">
<var>${adress}</var>
<arg>//*[./*[contains(@class, 'icon-map-marker')]]</arg>
<doc>Returns the text value of the element identified by ``locator``.</doc>
<msg timestamp="20210922 19:47:56.521" level="INFO">${adress} = 4705 West US HWY 90, Lake City, FL, 32055</msg>
<status status="PASS" starttime="20210922 19:47:56.504" endtime="20210922 19:47:56.521"/>
</kw>
<kw name="Append To List" library="Collections">
<arg>${output}</arg>
<arg>${adress}</arg>
<doc>Adds ``values`` to the end of ``list``.</doc>
<status status="PASS" starttime="20210922 19:47:56.521" endtime="20210922 19:47:56.521"/>
</kw>
<status status="PASS" starttime="20210922 19:47:56.504" endtime="20210922 19:47:56.522"/>
</kw>
<status status="PASS" starttime="20210922 19:47:56.504" endtime="20210922 19:47:56.522"/>
</kw>
<kw name="Run Keyword And Ignore Error" library="BuiltIn">
<arg>Find email</arg>
<doc>Runs the given keyword with the given arguments and ignores possible error.</doc>
<kw name="Find email" library="ScrapeKeywords">
<kw name="Get Text" library="SeleniumLibrary">
<var>${email}</var>
<arg>//*[./*[contains(@class, 'icon-email')]]/a</arg>
<doc>Returns the text value of the element identified by ``locator``.</doc>
<kw name="Capture Page Screenshot" library="SeleniumLibrary">
<doc>Takes a screenshot of the current page and embeds it into a log file.</doc>
<msg timestamp="20210922 19:47:56.646" level="INFO" html="true">&lt;/td&gt;&lt;/tr&gt;&lt;tr&gt;&lt;td colspan="3"&gt;&lt;a href="selenium-screenshot-2.png"&gt;&lt;img src="selenium-screenshot-2.png" width="800px"&gt;&lt;/a&gt;</msg>
<status status="PASS" starttime="20210922 19:47:56.529" endtime="20210922 19:47:56.646"/>
</kw>
<msg timestamp="20210922 19:47:56.648" level="FAIL">Element with locator '//*[./*[contains(@class, 'icon-email')]]/a' not found.</msg>
<status status="FAIL" starttime="20210922 19:47:56.522" endtime="20210922 19:47:56.648"/>
</kw>
<kw name="Append To List" library="Collections">
<arg>${output}</arg>
<arg>${email}</arg>
<doc>Adds ``values`` to the end of ``list``.</doc>
<status status="NOT RUN" starttime="20210922 19:47:56.648" endtime="20210922 19:47:56.648"/>
</kw>
<status status="FAIL" starttime="20210922 19:47:56.522" endtime="20210922 19:47:56.649"/>
</kw>
<status status="PASS" starttime="20210922 19:47:56.522" endtime="20210922 19:47:56.649"/>
</kw>
<kw name="Run Keyword And Ignore Error" library="BuiltIn">
<arg>Find phone</arg>
<doc>Runs the given keyword with the given arguments and ignores possible error.</doc>
<kw name="Find phone" library="ScrapeKeywords">
<kw name="Get Text" library="SeleniumLibrary">
<var>${phone}</var>
<arg>//*[./*[contains(@class, 'icon-phone')]]</arg>
<doc>Returns the text value of the element identified by ``locator``.</doc>
<kw name="Capture Page Screenshot" library="SeleniumLibrary">
<doc>Takes a screenshot of the current page and embeds it into a log file.</doc>
<msg timestamp="20210922 19:47:56.781" level="INFO" html="true">&lt;/td&gt;&lt;/tr&gt;&lt;tr&gt;&lt;td colspan="3"&gt;&lt;a href="selenium-screenshot-3.png"&gt;&lt;img src="selenium-screenshot-3.png" width="800px"&gt;&lt;/a&gt;</msg>
<status status="PASS" starttime="20210922 19:47:56.656" endtime="20210922 19:47:56.782"/>
</kw>
<msg timestamp="20210922 19:47:56.783" level="FAIL">Element with locator '//*[./*[contains(@class, 'icon-phone')]]' not found.</msg>
<status status="FAIL" starttime="20210922 19:47:56.650" endtime="20210922 19:47:56.783"/>
</kw>
<kw name="Append To List" library="Collections">
<arg>${output}</arg>
<arg>${phone}</arg>
<doc>Adds ``values`` to the end of ``list``.</doc>
<status status="NOT RUN" starttime="20210922 19:47:56.783" endtime="20210922 19:47:56.783"/>
</kw>
<status status="FAIL" starttime="20210922 19:47:56.649" endtime="20210922 19:47:56.784"/>
</kw>
<status status="PASS" starttime="20210922 19:47:56.649" endtime="20210922 19:47:56.784"/>
</kw>
<status status="PASS" starttime="20210922 19:47:56.419" endtime="20210922 19:47:56.784"/>
</kw>
<kw name="Collect result" library="ScrapeKeywords">
<kw name="Get From List" library="Collections">
<var>${name}</var>
<arg>${output}</arg>
<arg>0</arg>
<doc>Returns the value specified with an ``index`` from ``list``.</doc>
<msg timestamp="20210922 19:47:56.785" level="INFO">${name} = FIRST VALLEY FUNDING</msg>
<status status="PASS" starttime="20210922 19:47:56.785" endtime="20210922 19:47:56.785"/>
</kw>
<status status="PASS" starttime="20210922 19:47:56.784" endtime="20210922 19:47:56.785"/>
</kw>
<kw name="Go Back" library="SeleniumLibrary">
<doc>Simulates the user clicking the back button on their browser.</doc>
<status status="PASS" starttime="20210922 19:47:56.786" endtime="20210922 19:47:57.178"/>
</kw>
<status status="PASS" starttime="20210922 19:47:55.125" endtime="20210922 19:47:57.178"/>
</iter>
<iter>
<var name="${index}">2</var>
<kw name="Evaluate" library="BuiltIn">
<var>${url}</var>
<arg>${index} + 1</arg>
<doc>Evaluates the given expression in Python and returns the result.</doc>
<msg timestamp="20210922 19:47:57.179" level="INFO">${url} = 3</msg>
<status status="PASS" starttime="20210922 19:47:57.179" endtime="20210922 19:47:57.179"/>
</kw>
<kw name="Log" library="BuiltIn">
<arg>${url}</arg>
<doc>Logs the given message with the given level.</doc>
<msg timestamp="20210922 19:47:57.180" level="INFO">3</msg>
<status status="PASS" starttime="20210922 19:47:57.179" endtime="20210922 19:47:57.180"/>
</kw>
<kw name="Wait Until Page Contains Element" library="SeleniumLibrary">
<arg>//html/body/div[2]/div[2]/div[1]/div/div/form[1]/button</arg>
<doc>Waits until the element ``locator`` appears on the current page.</doc>
<status status="PASS" starttime="20210922 19:47:57.180" endtime="20210922 19:47:57.228"/>
</kw>
<kw name="Get WebElement" library="SeleniumLibrary">
<var>${new_link}</var>
<arg>//html/body/div[2]/div[2]/div[2]/div/div/div[contains(@class, 'panel-default')][${url}]//a</arg>
<doc>Returns the first WebElement matching the given ``locator``.</doc>
<msg timestamp="20210922 19:47:57.237" level="INFO">${new_link} = &lt;selenium.webdriver.remote.webelement.WebElement (session="64c4ba48645c7b146f14a5ffae96b922", element="a26ce787-5ce6-4e32-8837-07ace4359597")&gt;</msg>
<status status="PASS" starttime="20210922 19:47:57.228" endtime="20210922 19:47:57.237"/>
</kw>
<kw name="Get Element Attribute" library="SeleniumLibrary">
<var>${text}</var>
<arg>${new_link}</arg>
<arg>href</arg>
<doc>Returns the value of ``attribute`` from the element ``locator``.</doc>
<msg timestamp="20210922 19:47:57.243" level="INFO">${text} = https://www.aihitdata.com/company/0276F46A/home-possible/overview</msg>
<status status="PASS" starttime="20210922 19:47:57.237" endtime="20210922 19:47:57.243"/>
</kw>
<kw name="Go To" library="SeleniumLibrary">
<arg>${text}</arg>
<doc>Navigates the current browser window to the provided ``url``.</doc>
<msg timestamp="20210922 19:47:57.243" level="INFO">Opening url 'https://www.aihitdata.com/company/0276F46A/home-possible/overview'</msg>
<status status="PASS" starttime="20210922 19:47:57.243" endtime="20210922 19:47:58.502"/>
</kw>
<kw name="Search fields" library="ScrapeKeywords">
<kw name="Wait Until Page Contains Element" library="SeleniumLibrary">
<arg>//h1</arg>
<doc>Waits until the element ``locator`` appears on the current page.</doc>
<status status="PASS" starttime="20210922 19:47:58.504" endtime="20210922 19:47:58.513"/>
</kw>
<kw name="Run Keyword And Ignore Error" library="BuiltIn">
<arg>Find name</arg>
<doc>Runs the given keyword with the given arguments and ignores possible error.</doc>
<kw name="Find name" library="ScrapeKeywords">
<kw name="Wait Until Page Contains Element" library="SeleniumLibrary">
<arg>//h1</arg>
<doc>Waits until the element ``locator`` appears on the current page.</doc>
<status status="PASS" starttime="20210922 19:47:58.515" endtime="20210922 19:47:58.523"/>
</kw>
<kw name="Get Text" library="SeleniumLibrary">
<var>${name}</var>
<arg>//h1</arg>
<doc>Returns the text value of the element identified by ``locator``.</doc>
<msg timestamp="20210922 19:47:58.557" level="INFO">${name} = HOME POSSIBLE</msg>
<status status="PASS" starttime="20210922 19:47:58.524" endtime="20210922 19:47:58.557"/>
</kw>
<kw name="Append To List" library="Collections">
<arg>${output}</arg>
<arg>${name}</arg>
<doc>Adds ``values`` to the end of ``list``.</doc>
<status status="PASS" starttime="20210922 19:47:58.557" endtime="20210922 19:47:58.558"/>
</kw>
<status status="PASS" starttime="20210922 19:47:58.514" endtime="20210922 19:47:58.558"/>
</kw>
<status status="PASS" starttime="20210922 19:47:58.514" endtime="20210922 19:47:58.559"/>
</kw>
<kw name="Run Keyword And Ignore Error" library="BuiltIn">
<arg>Find website</arg>
<doc>Runs the given keyword with the given arguments and ignores possible error.</doc>
<kw name="Find website" library="ScrapeKeywords">
<kw name="Get Text" library="SeleniumLibrary">
<var>${website}</var>
<arg>//*[./*[contains(@class, 'icon-home')]]/a</arg>
<doc>Returns the text value of the element identified by ``locator``.</doc>
<msg timestamp="20210922 19:47:58.702" level="INFO">${website} = smchomeloan.com</msg>
<status status="PASS" starttime="20210922 19:47:58.560" endtime="20210922 19:47:58.702"/>
</kw>
<kw name="Append To List" library="Collections">
<arg>${output}</arg>
<arg>${website}</arg>
<doc>Adds ``values`` to the end of ``list``.</doc>
<status status="PASS" starttime="20210922 19:47:58.702" endtime="20210922 19:47:58.703"/>
</kw>
<status status="PASS" starttime="20210922 19:47:58.559" endtime="20210922 19:47:58.703"/>
</kw>
<status status="PASS" starttime="20210922 19:47:58.559" endtime="20210922 19:47:58.703"/>
</kw>
<kw name="Run Keyword And Ignore Error" library="BuiltIn">
<arg>Find adress</arg>
<doc>Runs the given keyword with the given arguments and ignores possible error.</doc>
<kw name="Find adress" library="ScrapeKeywords">
<kw name="Get Text" library="SeleniumLibrary">
<var>${adress}</var>
<arg>//*[./*[contains(@class, 'icon-map-marker')]]</arg>
<doc>Returns the text value of the element identified by ``locator``.</doc>
<msg timestamp="20210922 19:47:58.733" level="INFO">${adress} = Smart Mortgage Centers 38852 US-19, Tarpon Springs, FL 34689</msg>
<status status="PASS" starttime="20210922 19:47:58.704" endtime="20210922 19:47:58.733"/>
</kw>
<kw name="Append To List" library="Collections">
<arg>${output}</arg>
<arg>${adress}</arg>
<doc>Adds ``values`` to the end of ``list``.</doc>
<status status="PASS" starttime="20210922 19:47:58.733" endtime="20210922 19:47:58.734"/>
</kw>
<status status="PASS" starttime="20210922 19:47:58.704" endtime="20210922 19:47:58.734"/>
</kw>
<status status="PASS" starttime="20210922 19:47:58.703" endtime="20210922 19:47:58.734"/>
</kw>
<kw name="Run Keyword And Ignore Error" library="BuiltIn">
<arg>Find email</arg>
<doc>Runs the given keyword with the given arguments and ignores possible error.</doc>
<kw name="Find email" library="ScrapeKeywords">
<kw name="Get Text" library="SeleniumLibrary">
<var>${email}</var>
<arg>//*[./*[contains(@class, 'icon-email')]]/a</arg>
<doc>Returns the text value of the element identified by ``locator``.</doc>
<kw name="Capture Page Screenshot" library="SeleniumLibrary">
<doc>Takes a screenshot of the current page and embeds it into a log file.</doc>
<msg timestamp="20210922 19:47:58.909" level="INFO" html="true">&lt;/td&gt;&lt;/tr&gt;&lt;tr&gt;&lt;td colspan="3"&gt;&lt;a href="selenium-screenshot-4.png"&gt;&lt;img src="selenium-screenshot-4.png" width="800px"&gt;&lt;/a&gt;</msg>
<status status="PASS" starttime="20210922 19:47:58.746" endtime="20210922 19:47:58.909"/>
</kw>
<msg timestamp="20210922 19:47:58.910" level="FAIL">Element with locator '//*[./*[contains(@class, 'icon-email')]]/a' not found.</msg>
<status status="FAIL" starttime="20210922 19:47:58.736" endtime="20210922 19:47:58.910"/>
</kw>
<kw name="Append To List" library="Collections">
<arg>${output}</arg>
<arg>${email}</arg>
<doc>Adds ``values`` to the end of ``list``.</doc>
<status status="NOT RUN" starttime="20210922 19:47:58.911" endtime="20210922 19:47:58.911"/>
</kw>
<status status="FAIL" starttime="20210922 19:47:58.735" endtime="20210922 19:47:58.912"/>
</kw>
<status status="PASS" starttime="20210922 19:47:58.735" endtime="20210922 19:47:58.912"/>
</kw>
<kw name="Run Keyword And Ignore Error" library="BuiltIn">
<arg>Find phone</arg>
<doc>Runs the given keyword with the given arguments and ignores possible error.</doc>
<kw name="Find phone" library="ScrapeKeywords">
<kw name="Get Text" library="SeleniumLibrary">
<var>${phone}</var>
<arg>//*[./*[contains(@class, 'icon-phone')]]</arg>
<doc>Returns the text value of the element identified by ``locator``.</doc>
<msg timestamp="20210922 19:47:58.932" level="INFO">${phone} = 34689(888)429-6601</msg>
<status status="PASS" starttime="20210922 19:47:58.913" endtime="20210922 19:47:58.932"/>
</kw>
<kw name="Append To List" library="Collections">
<arg>${output}</arg>
<arg>${phone}</arg>
<doc>Adds ``values`` to the end of ``list``.</doc>
<status status="PASS" starttime="20210922 19:47:58.932" endtime="20210922 19:47:58.932"/>
</kw>
<status status="PASS" starttime="20210922 19:47:58.912" endtime="20210922 19:47:58.932"/>
</kw>
<status status="PASS" starttime="20210922 19:47:58.912" endtime="20210922 19:47:58.932"/>
</kw>
<status status="PASS" starttime="20210922 19:47:58.503" endtime="20210922 19:47:58.932"/>
</kw>
<kw name="Collect result" library="ScrapeKeywords">
<kw name="Get From List" library="Collections">
<var>${name}</var>
<arg>${output}</arg>
<arg>0</arg>
<doc>Returns the value specified with an ``index`` from ``list``.</doc>
<msg timestamp="20210922 19:47:58.933" level="INFO">${name} = FIRST VALLEY FUNDING</msg>
<status status="PASS" starttime="20210922 19:47:58.933" endtime="20210922 19:47:58.933"/>
</kw>
<status status="PASS" starttime="20210922 19:47:58.933" endtime="20210922 19:47:58.934"/>
</kw>
<kw name="Go Back" library="SeleniumLibrary">
<doc>Simulates the user clicking the back button on their browser.</doc>
<status status="PASS" starttime="20210922 19:47:58.934" endtime="20210922 19:47:59.403"/>
</kw>
<status status="PASS" starttime="20210922 19:47:57.178" endtime="20210922 19:47:59.403"/>
</iter>
<iter>
<var name="${index}">3</var>
<kw name="Evaluate" library="BuiltIn">
<var>${url}</var>
<arg>${index} + 1</arg>
<doc>Evaluates the given expression in Python and returns the result.</doc>
<msg timestamp="20210922 19:47:59.404" level="INFO">${url} = 4</msg>
<status status="PASS" starttime="20210922 19:47:59.403" endtime="20210922 19:47:59.404"/>
</kw>
<kw name="Log" library="BuiltIn">
<arg>${url}</arg>
<doc>Logs the given message with the given level.</doc>
<msg timestamp="20210922 19:47:59.404" level="INFO">4</msg>
<status status="PASS" starttime="20210922 19:47:59.404" endtime="20210922 19:47:59.404"/>
</kw>
<kw name="Wait Until Page Contains Element" library="SeleniumLibrary">
<arg>//html/body/div[2]/div[2]/div[1]/div/div/form[1]/button</arg>
<doc>Waits until the element ``locator`` appears on the current page.</doc>
<status status="PASS" starttime="20210922 19:47:59.405" endtime="20210922 19:47:59.571"/>
</kw>
<kw name="Get WebElement" library="SeleniumLibrary">
<var>${new_link}</var>
<arg>//html/body/div[2]/div[2]/div[2]/div/div/div[contains(@class, 'panel-default')][${url}]//a</arg>
<doc>Returns the first WebElement matching the given ``locator``.</doc>
<msg timestamp="20210922 19:47:59.589" level="INFO">${new_link} = &lt;selenium.webdriver.remote.webelement.WebElement (session="64c4ba48645c7b146f14a5ffae96b922", element="d311f9c1-dc3a-4767-ae48-df5640e02aa4")&gt;</msg>
<status status="PASS" starttime="20210922 19:47:59.571" endtime="20210922 19:47:59.589"/>
</kw>
<kw name="Get Element Attribute" library="SeleniumLibrary">
<var>${text}</var>
<arg>${new_link}</arg>
<arg>href</arg>
<doc>Returns the value of ``attribute`` from the element ``locator``.</doc>
<msg timestamp="20210922 19:47:59.599" level="INFO">${text} = https://www.aihitdata.com/company/027E1B6F/ram-mortgage-partners/overview</msg>
<status status="PASS" starttime="20210922 19:47:59.589" endtime="20210922 19:47:59.599"/>
</kw>
<kw name="Go To" library="SeleniumLibrary">
<arg>${text}</arg>
<doc>Navigates the current browser window to the provided ``url``.</doc>
<msg timestamp="20210922 19:47:59.599" level="INFO">Opening url 'https://www.aihitdata.com/company/027E1B6F/ram-mortgage-partners/overview'</msg>
<status status="PASS" starttime="20210922 19:47:59.599" endtime="20210922 19:48:01.000"/>
</kw>
<kw name="Search fields" library="ScrapeKeywords">
<kw name="Wait Until Page Contains Element" library="SeleniumLibrary">
<arg>//h1</arg>
<doc>Waits until the element ``locator`` appears on the current page.</doc>
<status status="PASS" starttime="20210922 19:48:01.000" endtime="20210922 19:48:01.005"/>
</kw>
<kw name="Run Keyword And Ignore Error" library="BuiltIn">
<arg>Find name</arg>
<doc>Runs the given keyword with the given arguments and ignores possible error.</doc>
<kw name="Find name" library="ScrapeKeywords">
<kw name="Wait Until Page Contains Element" library="SeleniumLibrary">
<arg>//h1</arg>
<doc>Waits until the element ``locator`` appears on the current page.</doc>
<status status="PASS" starttime="20210922 19:48:01.007" endtime="20210922 19:48:01.013"/>
</kw>
<kw name="Get Text" library="SeleniumLibrary">
<var>${name}</var>
<arg>//h1</arg>
<doc>Returns the text value of the element identified by ``locator``.</doc>
<msg timestamp="20210922 19:48:01.027" level="INFO">${name} = RAM MORTGAGE PARTNERS</msg>
<status status="PASS" starttime="20210922 19:48:01.013" endtime="20210922 19:48:01.027"/>
</kw>
<kw name="Append To List" library="Collections">
<arg>${output}</arg>
<arg>${name}</arg>
<doc>Adds ``values`` to the end of ``list``.</doc>
<status status="PASS" starttime="20210922 19:48:01.027" endtime="20210922 19:48:01.027"/>
</kw>
<status status="PASS" starttime="20210922 19:48:01.006" endtime="20210922 19:48:01.027"/>
</kw>
<status status="PASS" starttime="20210922 19:48:01.006" endtime="20210922 19:48:01.027"/>
</kw>
<kw name="Run Keyword And Ignore Error" library="BuiltIn">
<arg>Find website</arg>
<doc>Runs the given keyword with the given arguments and ignores possible error.</doc>
<kw name="Find website" library="ScrapeKeywords">
<kw name="Get Text" library="SeleniumLibrary">
<var>${website}</var>
<arg>//*[./*[contains(@class, 'icon-home')]]/a</arg>
<doc>Returns the text value of the element identified by ``locator``.</doc>
<msg timestamp="20210922 19:48:01.040" level="INFO">${website} = www.gorammp.com</msg>
<status status="PASS" starttime="20210922 19:48:01.028" endtime="20210922 19:48:01.040"/>
</kw>
<kw name="Append To List" library="Collections">
<arg>${output}</arg>
<arg>${website}</arg>
<doc>Adds ``values`` to the end of ``list``.</doc>
<status status="PASS" starttime="20210922 19:48:01.040" endtime="20210922 19:48:01.040"/>
</kw>
<status status="PASS" starttime="20210922 19:48:01.027" endtime="20210922 19:48:01.040"/>
</kw>
<status status="PASS" starttime="20210922 19:48:01.027" endtime="20210922 19:48:01.040"/>
</kw>
<kw name="Run Keyword And Ignore Error" library="BuiltIn">
<arg>Find adress</arg>
<doc>Runs the given keyword with the given arguments and ignores possible error.</doc>
<kw name="Find adress" library="ScrapeKeywords">
<kw name="Get Text" library="SeleniumLibrary">
<var>${adress}</var>
<arg>//*[./*[contains(@class, 'icon-map-marker')]]</arg>
<doc>Returns the text value of the element identified by ``locator``.</doc>
<msg timestamp="20210922 19:48:01.073" level="INFO">${adress} = 288 US Highway 22 Green Brook, NJ 08812</msg>
<status status="PASS" starttime="20210922 19:48:01.041" endtime="20210922 19:48:01.073"/>
</kw>
<kw name="Append To List" library="Collections">
<arg>${output}</arg>
<arg>${adress}</arg>
<doc>Adds ``values`` to the end of ``list``.</doc>
<status status="PASS" starttime="20210922 19:48:01.073" endtime="20210922 19:48:01.074"/>
</kw>
<status status="PASS" starttime="20210922 19:48:01.041" endtime="20210922 19:48:01.074"/>
</kw>
<status status="PASS" starttime="20210922 19:48:01.040" endtime="20210922 19:48:01.074"/>
</kw>
<kw name="Run Keyword And Ignore Error" library="BuiltIn">
<arg>Find email</arg>
<doc>Runs the given keyword with the given arguments and ignores possible error.</doc>
<kw name="Find email" library="ScrapeKeywords">
<kw name="Get Text" library="SeleniumLibrary">
<var>${email}</var>
<arg>//*[./*[contains(@class, 'icon-email')]]/a</arg>
<doc>Returns the text value of the element identified by ``locator``.</doc>
<msg timestamp="20210922 19:48:01.090" level="INFO">${email} = info@gorammp.com</msg>
<status status="PASS" starttime="20210922 19:48:01.075" endtime="20210922 19:48:01.090"/>
</kw>
<kw name="Append To List" library="Collections">
<arg>${output}</arg>
<arg>${email}</arg>
<doc>Adds ``values`` to the end of ``list``.</doc>
<status status="PASS" starttime="20210922 19:48:01.090" endtime="20210922 19:48:01.091"/>
</kw>
<status status="PASS" starttime="20210922 19:48:01.074" endtime="20210922 19:48:01.091"/>
</kw>
<status status="PASS" starttime="20210922 19:48:01.074" endtime="20210922 19:48:01.091"/>
</kw>
<kw name="Run Keyword And Ignore Error" library="BuiltIn">
<arg>Find phone</arg>
<doc>Runs the given keyword with the given arguments and ignores possible error.</doc>
<kw name="Find phone" library="ScrapeKeywords">
<kw name="Get Text" library="SeleniumLibrary">
<var>${phone}</var>
<arg>//*[./*[contains(@class, 'icon-phone')]]</arg>
<doc>Returns the text value of the element identified by ``locator``.</doc>
<msg timestamp="20210922 19:48:01.110" level="INFO">${phone} = (732)424-3610</msg>
<status status="PASS" starttime="20210922 19:48:01.092" endtime="20210922 19:48:01.110"/>
</kw>
<kw name="Append To List" library="Collections">
<arg>${output}</arg>
<arg>${phone}</arg>
<doc>Adds ``values`` to the end of ``list``.</doc>
<status status="PASS" starttime="20210922 19:48:01.110" endtime="20210922 19:48:01.111"/>
</kw>
<status status="PASS" starttime="20210922 19:48:01.092" endtime="20210922 19:48:01.111"/>
</kw>
<status status="PASS" starttime="20210922 19:48:01.091" endtime="20210922 19:48:01.111"/>
</kw>
<status status="PASS" starttime="20210922 19:48:01.000" endtime="20210922 19:48:01.111"/>
</kw>
<kw name="Collect result" library="ScrapeKeywords">
<kw name="Get From List" library="Collections">
<var>${name}</var>
<arg>${output}</arg>
<arg>0</arg>
<doc>Returns the value specified with an ``index`` from ``list``.</doc>
<msg timestamp="20210922 19:48:01.112" level="INFO">${name} = FIRST VALLEY FUNDING</msg>
<status status="PASS" starttime="20210922 19:48:01.112" endtime="20210922 19:48:01.112"/>
</kw>
<status status="PASS" starttime="20210922 19:48:01.111" endtime="20210922 19:48:01.112"/>
</kw>
<kw name="Go Back" library="SeleniumLibrary">
<doc>Simulates the user clicking the back button on their browser.</doc>
<status status="PASS" starttime="20210922 19:48:01.112" endtime="20210922 19:48:01.579"/>
</kw>
<status status="PASS" starttime="20210922 19:47:59.403" endtime="20210922 19:48:01.579"/>
</iter>
<iter>
<var name="${index}">4</var>
<kw name="Evaluate" library="BuiltIn">
<var>${url}</var>
<arg>${index} + 1</arg>
<doc>Evaluates the given expression in Python and returns the result.</doc>
<msg timestamp="20210922 19:48:01.580" level="INFO">${url} = 5</msg>
<status status="PASS" starttime="20210922 19:48:01.580" endtime="20210922 19:48:01.580"/>
</kw>
<kw name="Log" library="BuiltIn">
<arg>${url}</arg>
<doc>Logs the given message with the given level.</doc>
<msg timestamp="20210922 19:48:01.581" level="INFO">5</msg>
<status status="PASS" starttime="20210922 19:48:01.580" endtime="20210922 19:48:01.581"/>
</kw>
<kw name="Wait Until Page Contains Element" library="SeleniumLibrary">
<arg>//html/body/div[2]/div[2]/div[1]/div/div/form[1]/button</arg>
<doc>Waits until the element ``locator`` appears on the current page.</doc>
<status status="PASS" starttime="20210922 19:48:01.581" endtime="20210922 19:48:01.621"/>
</kw>
<kw name="Get WebElement" library="SeleniumLibrary">
<var>${new_link}</var>
<arg>//html/body/div[2]/div[2]/div[2]/div/div/div[contains(@class, 'panel-default')][${url}]//a</arg>
<doc>Returns the first WebElement matching the given ``locator``.</doc>
<msg timestamp="20210922 19:48:01.631" level="INFO">${new_link} = &lt;selenium.webdriver.remote.webelement.WebElement (session="64c4ba48645c7b146f14a5ffae96b922", element="3acab695-ced8-44c2-9a71-9500a82763db")&gt;</msg>
<status status="PASS" starttime="20210922 19:48:01.621" endtime="20210922 19:48:01.632"/>
</kw>
<kw name="Get Element Attribute" library="SeleniumLibrary">
<var>${text}</var>
<arg>${new_link}</arg>
<arg>href</arg>
<doc>Returns the value of ``attribute`` from the element ``locator``.</doc>
<msg timestamp="20210922 19:48:01.638" level="INFO">${text} = https://www.aihitdata.com/company/023CD80C/reliant-appraisals/overview</msg>
<status status="PASS" starttime="20210922 19:48:01.632" endtime="20210922 19:48:01.638"/>
</kw>
<kw name="Go To" library="SeleniumLibrary">
<arg>${text}</arg>
<doc>Navigates the current browser window to the provided ``url``.</doc>
<msg timestamp="20210922 19:48:01.638" level="INFO">Opening url 'https://www.aihitdata.com/company/023CD80C/reliant-appraisals/overview'</msg>
<status status="PASS" starttime="20210922 19:48:01.638" endtime="20210922 19:48:03.089"/>
</kw>
<kw name="Search fields" library="ScrapeKeywords">
<kw name="Wait Until Page Contains Element" library="SeleniumLibrary">
<arg>//h1</arg>
<doc>Waits until the element ``locator`` appears on the current page.</doc>
<status status="PASS" starttime="20210922 19:48:03.089" endtime="20210922 19:48:03.098"/>
</kw>
<kw name="Run Keyword And Ignore Error" library="BuiltIn">
<arg>Find name</arg>
<doc>Runs the given keyword with the given arguments and ignores possible error.</doc>
<kw name="Find name" library="ScrapeKeywords">
<kw name="Wait Until Page Contains Element" library="SeleniumLibrary">
<arg>//h1</arg>
<doc>Waits until the element ``locator`` appears on the current page.</doc>
<status status="PASS" starttime="20210922 19:48:03.099" endtime="20210922 19:48:03.105"/>
</kw>
<kw name="Get Text" library="SeleniumLibrary">
<var>${name}</var>
<arg>//h1</arg>
<doc>Returns the text value of the element identified by ``locator``.</doc>
<msg timestamp="20210922 19:48:03.123" level="INFO">${name} = RELIANT APPRAISALS</msg>
<status status="PASS" starttime="20210922 19:48:03.106" endtime="20210922 19:48:03.123"/>
</kw>
<kw name="Append To List" library="Collections">
<arg>${output}</arg>
<arg>${name}</arg>
<doc>Adds ``values`` to the end of ``list``.</doc>
<status status="PASS" starttime="20210922 19:48:03.124" endtime="20210922 19:48:03.124"/>
</kw>
<status status="PASS" starttime="20210922 19:48:03.099" endtime="20210922 19:48:03.124"/>
</kw>
<status status="PASS" starttime="20210922 19:48:03.098" endtime="20210922 19:48:03.124"/>
</kw>
<kw name="Run Keyword And Ignore Error" library="BuiltIn">
<arg>Find website</arg>
<doc>Runs the given keyword with the given arguments and ignores possible error.</doc>
<kw name="Find website" library="ScrapeKeywords">
<kw name="Get Text" library="SeleniumLibrary">
<var>${website}</var>
<arg>//*[./*[contains(@class, 'icon-home')]]/a</arg>
<doc>Returns the text value of the element identified by ``locator``.</doc>
<msg timestamp="20210922 19:48:03.196" level="INFO">${website} = www.reliantappraisals.com</msg>
<status status="PASS" starttime="20210922 19:48:03.125" endtime="20210922 19:48:03.196"/>
</kw>
<kw name="Append To List" library="Collections">
<arg>${output}</arg>
<arg>${website}</arg>
<doc>Adds ``values`` to the end of ``list``.</doc>
<status status="PASS" starttime="20210922 19:48:03.196" endtime="20210922 19:48:03.196"/>
</kw>
<status status="PASS" starttime="20210922 19:48:03.125" endtime="20210922 19:48:03.196"/>
</kw>
<status status="PASS" starttime="20210922 19:48:03.124" endtime="20210922 19:48:03.197"/>
</kw>
<kw name="Run Keyword And Ignore Error" library="BuiltIn">
<arg>Find adress</arg>
<doc>Runs the given keyword with the given arguments and ignores possible error.</doc>
<kw name="Find adress" library="ScrapeKeywords">
<kw name="Get Text" library="SeleniumLibrary">
<var>${adress}</var>
<arg>//*[./*[contains(@class, 'icon-map-marker')]]</arg>
<doc>Returns the text value of the element identified by ``locator``.</doc>
<msg timestamp="20210922 19:48:03.215" level="INFO">${adress} = 20770 US Hwy 281 N; Ste 108-228 San Antonio, TX 78258</msg>
<status status="PASS" starttime="20210922 19:48:03.197" endtime="20210922 19:48:03.215"/>
</kw>
<kw name="Append To List" library="Collections">
<arg>${output}</arg>
<arg>${adress}</arg>
<doc>Adds ``values`` to the end of ``list``.</doc>
<status status="PASS" starttime="20210922 19:48:03.215" endtime="20210922 19:48:03.215"/>
</kw>
<status status="PASS" starttime="20210922 19:48:03.197" endtime="20210922 19:48:03.215"/>
</kw>
<status status="PASS" starttime="20210922 19:48:03.197" endtime="20210922 19:48:03.216"/>
</kw>
<kw name="Run Keyword And Ignore Error" library="BuiltIn">
<arg>Find email</arg>
<doc>Runs the given keyword with the given arguments and ignores possible error.</doc>
<kw name="Find email" library="ScrapeKeywords">
<kw name="Get Text" library="SeleniumLibrary">
<var>${email}</var>
<arg>//*[./*[contains(@class, 'icon-email')]]/a</arg>
<doc>Returns the text value of the element identified by ``locator``.</doc>
<kw name="Capture Page Screenshot" library="SeleniumLibrary">
<doc>Takes a screenshot of the current page and embeds it into a log file.</doc>
<msg timestamp="20210922 19:48:03.363" level="INFO" html="true">&lt;/td&gt;&lt;/tr&gt;&lt;tr&gt;&lt;td colspan="3"&gt;&lt;a href="selenium-screenshot-5.png"&gt;&lt;img src="selenium-screenshot-5.png" width="800px"&gt;&lt;/a&gt;</msg>
<status status="PASS" starttime="20210922 19:48:03.224" endtime="20210922 19:48:03.364"/>
</kw>
<msg timestamp="20210922 19:48:03.365" level="FAIL">Element with locator '//*[./*[contains(@class, 'icon-email')]]/a' not found.</msg>
<status status="FAIL" starttime="20210922 19:48:03.217" endtime="20210922 19:48:03.365"/>
</kw>
<kw name="Append To List" library="Collections">
<arg>${output}</arg>
<arg>${email}</arg>
<doc>Adds ``values`` to the end of ``list``.</doc>
<status status="NOT RUN" starttime="20210922 19:48:03.365" endtime="20210922 19:48:03.366"/>
</kw>
<status status="FAIL" starttime="20210922 19:48:03.216" endtime="20210922 19:48:03.366"/>
</kw>
<status status="PASS" starttime="20210922 19:48:03.216" endtime="20210922 19:48:03.366"/>
</kw>
<kw name="Run Keyword And Ignore Error" library="BuiltIn">
<arg>Find phone</arg>
<doc>Runs the given keyword with the given arguments and ignores possible error.</doc>
<kw name="Find phone" library="ScrapeKeywords">
<kw name="Get Text" library="SeleniumLibrary">
<var>${phone}</var>
<arg>//*[./*[contains(@class, 'icon-phone')]]</arg>
<doc>Returns the text value of the element identified by ``locator``.</doc>
<msg timestamp="20210922 19:48:03.387" level="INFO">${phone} = 210-689-6907</msg>
<status status="PASS" starttime="20210922 19:48:03.367" endtime="20210922 19:48:03.387"/>
</kw>
<kw name="Append To List" library="Collections">
<arg>${output}</arg>
<arg>${phone}</arg>
<doc>Adds ``values`` to the end of ``list``.</doc>
<status status="PASS" starttime="20210922 19:48:03.387" endtime="20210922 19:48:03.388"/>
</kw>
<status status="PASS" starttime="20210922 19:48:03.367" endtime="20210922 19:48:03.388"/>
</kw>
<status status="PASS" starttime="20210922 19:48:03.366" endtime="20210922 19:48:03.388"/>
</kw>
<status status="PASS" starttime="20210922 19:48:03.089" endtime="20210922 19:48:03.388"/>
</kw>
<kw name="Collect result" library="ScrapeKeywords">
<kw name="Get From List" library="Collections">
<var>${name}</var>
<arg>${output}</arg>
<arg>0</arg>
<doc>Returns the value specified with an ``index`` from ``list``.</doc>
<msg timestamp="20210922 19:48:03.390" level="INFO">${name} = FIRST VALLEY FUNDING</msg>
<status status="PASS" starttime="20210922 19:48:03.389" endtime="20210922 19:48:03.390"/>
</kw>
<status status="PASS" starttime="20210922 19:48:03.389" endtime="20210922 19:48:03.390"/>
</kw>
<kw name="Go Back" library="SeleniumLibrary">
<doc>Simulates the user clicking the back button on their browser.</doc>
<status status="PASS" starttime="20210922 19:48:03.390" endtime="20210922 19:48:03.794"/>
</kw>
<status status="PASS" starttime="20210922 19:48:01.579" endtime="20210922 19:48:03.794"/>
</iter>
<iter>
<var name="${index}">5</var>
<kw name="Evaluate" library="BuiltIn">
<var>${url}</var>
<arg>${index} + 1</arg>
<doc>Evaluates the given expression in Python and returns the result.</doc>
<msg timestamp="20210922 19:48:03.795" level="INFO">${url} = 6</msg>
<status status="PASS" starttime="20210922 19:48:03.795" endtime="20210922 19:48:03.795"/>
</kw>
<kw name="Log" library="BuiltIn">
<arg>${url}</arg>
<doc>Logs the given message with the given level.</doc>
<msg timestamp="20210922 19:48:03.796" level="INFO">6</msg>
<status status="PASS" starttime="20210922 19:48:03.795" endtime="20210922 19:48:03.796"/>
</kw>
<kw name="Wait Until Page Contains Element" library="SeleniumLibrary">
<arg>//html/body/div[2]/div[2]/div[1]/div/div/form[1]/button</arg>
<doc>Waits until the element ``locator`` appears on the current page.</doc>
<status status="PASS" starttime="20210922 19:48:03.796" endtime="20210922 19:48:03.840"/>
</kw>
<kw name="Get WebElement" library="SeleniumLibrary">
<var>${new_link}</var>
<arg>//html/body/div[2]/div[2]/div[2]/div/div/div[contains(@class, 'panel-default')][${url}]//a</arg>
<doc>Returns the first WebElement matching the given ``locator``.</doc>
<msg timestamp="20210922 19:48:03.850" level="INFO">${new_link} = &lt;selenium.webdriver.remote.webelement.WebElement (session="64c4ba48645c7b146f14a5ffae96b922", element="d9507470-24d1-42d1-866b-d4592643293b")&gt;</msg>
<status status="PASS" starttime="20210922 19:48:03.840" endtime="20210922 19:48:03.850"/>
</kw>
<kw name="Get Element Attribute" library="SeleniumLibrary">
<var>${text}</var>
<arg>${new_link}</arg>
<arg>href</arg>
<doc>Returns the value of ``attribute`` from the element ``locator``.</doc>
<msg timestamp="20210922 19:48:03.854" level="INFO">${text} = https://www.aihitdata.com/company/00D4D9CD/your-complete-florida-mortgage-company/overview</msg>
<status status="PASS" starttime="20210922 19:48:03.850" endtime="20210922 19:48:03.854"/>
</kw>
<kw name="Go To" library="SeleniumLibrary">
<arg>${text}</arg>
<doc>Navigates the current browser window to the provided ``url``.</doc>
<msg timestamp="20210922 19:48:03.854" level="INFO">Opening url 'https://www.aihitdata.com/company/00D4D9CD/your-complete-florida-mortgage-company/overview'</msg>
<status status="PASS" starttime="20210922 19:48:03.854" endtime="20210922 19:48:05.103"/>
</kw>
<kw name="Search fields" library="ScrapeKeywords">
<kw name="Wait Until Page Contains Element" library="SeleniumLibrary">
<arg>//h1</arg>
<doc>Waits until the element ``locator`` appears on the current page.</doc>
<status status="PASS" starttime="20210922 19:48:05.104" endtime="20210922 19:48:05.111"/>
</kw>
<kw name="Run Keyword And Ignore Error" library="BuiltIn">
<arg>Find name</arg>
<doc>Runs the given keyword with the given arguments and ignores possible error.</doc>
<kw name="Find name" library="ScrapeKeywords">
<kw name="Wait Until Page Contains Element" library="SeleniumLibrary">
<arg>//h1</arg>
<doc>Waits until the element ``locator`` appears on the current page.</doc>
<status status="PASS" starttime="20210922 19:48:05.112" endtime="20210922 19:48:05.116"/>
</kw>
<kw name="Get Text" library="SeleniumLibrary">
<var>${name}</var>
<arg>//h1</arg>
<doc>Returns the text value of the element identified by ``locator``.</doc>
<msg timestamp="20210922 19:48:05.130" level="INFO">${name} = YOUR COMPLETE FLORIDA MORTGAGE COMPANY</msg>
<status status="PASS" starttime="20210922 19:48:05.116" endtime="20210922 19:48:05.130"/>
</kw>
<kw name="Append To List" library="Collections">
<arg>${output}</arg>
<arg>${name}</arg>
<doc>Adds ``values`` to the end of ``list``.</doc>
<status status="PASS" starttime="20210922 19:48:05.131" endtime="20210922 19:48:05.131"/>
</kw>
<status status="PASS" starttime="20210922 19:48:05.111" endtime="20210922 19:48:05.131"/>
</kw>
<status status="PASS" starttime="20210922 19:48:05.111" endtime="20210922 19:48:05.131"/>
</kw>
<kw name="Run Keyword And Ignore Error" library="BuiltIn">
<arg>Find website</arg>
<doc>Runs the given keyword with the given arguments and ignores possible error.</doc>
<kw name="Find website" library="ScrapeKeywords">
<kw name="Get Text" library="SeleniumLibrary">
<var>${website}</var>
<arg>//*[./*[contains(@class, 'icon-home')]]/a</arg>
<doc>Returns the text value of the element identified by ``locator``.</doc>
<msg timestamp="20210922 19:48:05.145" level="INFO">${website} = www.manningfinancial.com</msg>
<status status="PASS" starttime="20210922 19:48:05.132" endtime="20210922 19:48:05.145"/>
</kw>
<kw name="Append To List" library="Collections">
<arg>${output}</arg>
<arg>${website}</arg>
<doc>Adds ``values`` to the end of ``list``.</doc>
<status status="PASS" starttime="20210922 19:48:05.145" endtime="20210922 19:48:05.146"/>
</kw>
<status status="PASS" starttime="20210922 19:48:05.131" endtime="20210922 19:48:05.146"/>
</kw>
<status status="PASS" starttime="20210922 19:48:05.131" endtime="20210922 19:48:05.146"/>
</kw>
<kw name="Run Keyword And Ignore Error" library="BuiltIn">
<arg>Find adress</arg>
<doc>Runs the given keyword with the given arguments and ignores possible error.</doc>
<kw name="Find adress" library="ScrapeKeywords">
<kw name="Get Text" library="SeleniumLibrary">
<var>${adress}</var>
<arg>//*[./*[contains(@class, 'icon-map-marker')]]</arg>
<doc>Returns the text value of the element identified by ``locator``.</doc>
<msg timestamp="20210922 19:48:05.201" level="INFO">${adress} = 9412 N US HIGHWAY 1 SEBASTIAN, FL 32958</msg>
<status status="PASS" starttime="20210922 19:48:05.147" endtime="20210922 19:48:05.201"/>
</kw>
<kw name="Append To List" library="Collections">
<arg>${output}</arg>
<arg>${adress}</arg>
<doc>Adds ``values`` to the end of ``list``.</doc>
<status status="PASS" starttime="20210922 19:48:05.201" endtime="20210922 19:48:05.202"/>
</kw>
<status status="PASS" starttime="20210922 19:48:05.146" endtime="20210922 19:48:05.202"/>
</kw>
<status status="PASS" starttime="20210922 19:48:05.146" endtime="20210922 19:48:05.202"/>
</kw>
<kw name="Run Keyword And Ignore Error" library="BuiltIn">
<arg>Find email</arg>
<doc>Runs the given keyword with the given arguments and ignores possible error.</doc>
<kw name="Find email" library="ScrapeKeywords">
<kw name="Get Text" library="SeleniumLibrary">
<var>${email}</var>
<arg>//*[./*[contains(@class, 'icon-email')]]/a</arg>
<doc>Returns the text value of the element identified by ``locator``.</doc>
<msg timestamp="20210922 19:48:05.219" level="INFO">${email} = omelody@bellsouth.net</msg>
<status status="PASS" starttime="20210922 19:48:05.203" endtime="20210922 19:48:05.219"/>
</kw>
<kw name="Append To List" library="Collections">
<arg>${output}</arg>
<arg>${email}</arg>
<doc>Adds ``values`` to the end of ``list``.</doc>
<status status="PASS" starttime="20210922 19:48:05.219" endtime="20210922 19:48:05.219"/>
</kw>
<status status="PASS" starttime="20210922 19:48:05.203" endtime="20210922 19:48:05.219"/>
</kw>
<status status="PASS" starttime="20210922 19:48:05.202" endtime="20210922 19:48:05.219"/>
</kw>
<kw name="Run Keyword And Ignore Error" library="BuiltIn">
<arg>Find phone</arg>
<doc>Runs the given keyword with the given arguments and ignores possible error.</doc>
<kw name="Find phone" library="ScrapeKeywords">
<kw name="Get Text" library="SeleniumLibrary">
<var>${phone}</var>
<arg>//*[./*[contains(@class, 'icon-phone')]]</arg>
<doc>Returns the text value of the element identified by ``locator``.</doc>
<msg timestamp="20210922 19:48:05.233" level="INFO">${phone} = (772)589-0097</msg>
<status status="PASS" starttime="20210922 19:48:05.220" endtime="20210922 19:48:05.233"/>
</kw>
<kw name="Append To List" library="Collections">
<arg>${output}</arg>
<arg>${phone}</arg>
<doc>Adds ``values`` to the end of ``list``.</doc>
<status status="PASS" starttime="20210922 19:48:05.233" endtime="20210922 19:48:05.233"/>
</kw>
<status status="PASS" starttime="20210922 19:48:05.220" endtime="20210922 19:48:05.234"/>
</kw>
<status status="PASS" starttime="20210922 19:48:05.219" endtime="20210922 19:48:05.234"/>
</kw>
<status status="PASS" starttime="20210922 19:48:05.103" endtime="20210922 19:48:05.234"/>
</kw>
<kw name="Collect result" library="ScrapeKeywords">
<kw name="Get From List" library="Collections">
<var>${name}</var>
<arg>${output}</arg>
<arg>0</arg>
<doc>Returns the value specified with an ``index`` from ``list``.</doc>
<msg timestamp="20210922 19:48:05.234" level="INFO">${name} = FIRST VALLEY FUNDING</msg>
<status status="PASS" starttime="20210922 19:48:05.234" endtime="20210922 19:48:05.234"/>
</kw>
<status status="PASS" starttime="20210922 19:48:05.234" endtime="20210922 19:48:05.234"/>
</kw>
<kw name="Go Back" library="SeleniumLibrary">
<doc>Simulates the user clicking the back button on their browser.</doc>
<status status="PASS" starttime="20210922 19:48:05.234" endtime="20210922 19:48:05.615"/>
</kw>
<status status="PASS" starttime="20210922 19:48:03.794" endtime="20210922 19:48:05.616"/>
</iter>
<iter>
<var name="${index}">6</var>
<kw name="Evaluate" library="BuiltIn">
<var>${url}</var>
<arg>${index} + 1</arg>
<doc>Evaluates the given expression in Python and returns the result.</doc>
<msg timestamp="20210922 19:48:05.617" level="INFO">${url} = 7</msg>
<status status="PASS" starttime="20210922 19:48:05.616" endtime="20210922 19:48:05.617"/>
</kw>
<kw name="Log" library="BuiltIn">
<arg>${url}</arg>
<doc>Logs the given message with the given level.</doc>
<msg timestamp="20210922 19:48:05.618" level="INFO">7</msg>
<status status="PASS" starttime="20210922 19:48:05.617" endtime="20210922 19:48:05.618"/>
</kw>
<kw name="Wait Until Page Contains Element" library="SeleniumLibrary">
<arg>//html/body/div[2]/div[2]/div[1]/div/div/form[1]/button</arg>
<doc>Waits until the element ``locator`` appears on the current page.</doc>
<status status="PASS" starttime="20210922 19:48:05.618" endtime="20210922 19:48:05.663"/>
</kw>
<kw name="Get WebElement" library="SeleniumLibrary">
<var>${new_link}</var>
<arg>//html/body/div[2]/div[2]/div[2]/div/div/div[contains(@class, 'panel-default')][${url}]//a</arg>
<doc>Returns the first WebElement matching the given ``locator``.</doc>
<msg timestamp="20210922 19:48:05.673" level="INFO">${new_link} = &lt;selenium.webdriver.remote.webelement.WebElement (session="64c4ba48645c7b146f14a5ffae96b922", element="5e66efae-dc19-4c07-93ab-49657adbb53f")&gt;</msg>
<status status="PASS" starttime="20210922 19:48:05.663" endtime="20210922 19:48:05.673"/>
</kw>
<kw name="Get Element Attribute" library="SeleniumLibrary">
<var>${text}</var>
<arg>${new_link}</arg>
<arg>href</arg>
<doc>Returns the value of ``attribute`` from the element ``locator``.</doc>
<msg timestamp="20210922 19:48:05.678" level="INFO">${text} = https://www.aihitdata.com/company/023BF6EA/certified-appraisals-group/overview</msg>
<status status="PASS" starttime="20210922 19:48:05.673" endtime="20210922 19:48:05.678"/>
</kw>
<kw name="Go To" library="SeleniumLibrary">
<arg>${text}</arg>
<doc>Navigates the current browser window to the provided ``url``.</doc>
<msg timestamp="20210922 19:48:05.678" level="INFO">Opening url 'https://www.aihitdata.com/company/023BF6EA/certified-appraisals-group/overview'</msg>
<status status="PASS" starttime="20210922 19:48:05.678" endtime="20210922 19:48:06.717"/>
</kw>
<kw name="Search fields" library="ScrapeKeywords">
<kw name="Wait Until Page Contains Element" library="SeleniumLibrary">
<arg>//h1</arg>
<doc>Waits until the element ``locator`` appears on the current page.</doc>
<status status="PASS" starttime="20210922 19:48:06.718" endtime="20210922 19:48:06.725"/>
</kw>
<kw name="Run Keyword And Ignore Error" library="BuiltIn">
<arg>Find name</arg>
<doc>Runs the given keyword with the given arguments and ignores possible error.</doc>
<kw name="Find name" library="ScrapeKeywords">
<kw name="Wait Until Page Contains Element" library="SeleniumLibrary">
<arg>//h1</arg>
<doc>Waits until the element ``locator`` appears on the current page.</doc>
<status status="PASS" starttime="20210922 19:48:06.725" endtime="20210922 19:48:06.731"/>
</kw>
<kw name="Get Text" library="SeleniumLibrary">
<var>${name}</var>
<arg>//h1</arg>
<doc>Returns the text value of the element identified by ``locator``.</doc>
<msg timestamp="20210922 19:48:06.745" level="INFO">${name} = CERTIFIED APPRAISALS GROUP</msg>
<status status="PASS" starttime="20210922 19:48:06.731" endtime="20210922 19:48:06.745"/>
</kw>
<kw name="Append To List" library="Collections">
<arg>${output}</arg>
<arg>${name}</arg>
<doc>Adds ``values`` to the end of ``list``.</doc>
<status status="PASS" starttime="20210922 19:48:06.745" endtime="20210922 19:48:06.745"/>
</kw>
<status status="PASS" starttime="20210922 19:48:06.725" endtime="20210922 19:48:06.745"/>
</kw>
<status status="PASS" starttime="20210922 19:48:06.725" endtime="20210922 19:48:06.745"/>
</kw>
<kw name="Run Keyword And Ignore Error" library="BuiltIn">
<arg>Find website</arg>
<doc>Runs the given keyword with the given arguments and ignores possible error.</doc>
<kw name="Find website" library="ScrapeKeywords">
<kw name="Get Text" library="SeleniumLibrary">
<var>${website}</var>
<arg>//*[./*[contains(@class, 'icon-home')]]/a</arg>
<doc>Returns the text value of the element identified by ``locator``.</doc>
<msg timestamp="20210922 19:48:06.758" level="INFO">${website} = www.certifiedappraisalsgroup.com</msg>
<status status="PASS" starttime="20210922 19:48:06.746" endtime="20210922 19:48:06.758"/>
</kw>
<kw name="Append To List" library="Collections">
<arg>${output}</arg>
<arg>${website}</arg>
<doc>Adds ``values`` to the end of ``list``.</doc>
<status status="PASS" starttime="20210922 19:48:06.758" endtime="20210922 19:48:06.758"/>
</kw>
<status status="PASS" starttime="20210922 19:48:06.745" endtime="20210922 19:48:06.758"/>
</kw>
<status status="PASS" starttime="20210922 19:48:06.745" endtime="20210922 19:48:06.758"/>
</kw>
<kw name="Run Keyword And Ignore Error" library="BuiltIn">
<arg>Find adress</arg>
<doc>Runs the given keyword with the given arguments and ignores possible error.</doc>
<kw name="Find adress" library="ScrapeKeywords">
<kw name="Get Text" library="SeleniumLibrary">
<var>${adress}</var>
<arg>//*[./*[contains(@class, 'icon-map-marker')]]</arg>
<doc>Returns the text value of the element identified by ``locator``.</doc>
<msg timestamp="20210922 19:48:06.810" level="INFO">${adress} = 6319 E US Hwy 36; Box 2 Avon, IN 46123</msg>
<status status="PASS" starttime="20210922 19:48:06.759" endtime="20210922 19:48:06.810"/>
</kw>
<kw name="Append To List" library="Collections">
<arg>${output}</arg>
<arg>${adress}</arg>
<doc>Adds ``values`` to the end of ``list``.</doc>
<status status="PASS" starttime="20210922 19:48:06.810" endtime="20210922 19:48:06.810"/>
</kw>
<status status="PASS" starttime="20210922 19:48:06.759" endtime="20210922 19:48:06.810"/>
</kw>
<status status="PASS" starttime="20210922 19:48:06.759" endtime="20210922 19:48:06.810"/>
</kw>
<kw name="Run Keyword And Ignore Error" library="BuiltIn">
<arg>Find email</arg>
<doc>Runs the given keyword with the given arguments and ignores possible error.</doc>
<kw name="Find email" library="ScrapeKeywords">
<kw name="Get Text" library="SeleniumLibrary">
<var>${email}</var>
<arg>//*[./*[contains(@class, 'icon-email')]]/a</arg>
<doc>Returns the text value of the element identified by ``locator``.</doc>
<kw name="Capture Page Screenshot" library="SeleniumLibrary">
<doc>Takes a screenshot of the current page and embeds it into a log file.</doc>
<msg timestamp="20210922 19:48:06.938" level="INFO" html="true">&lt;/td&gt;&lt;/tr&gt;&lt;tr&gt;&lt;td colspan="3"&gt;&lt;a href="selenium-screenshot-6.png"&gt;&lt;img src="selenium-screenshot-6.png" width="800px"&gt;&lt;/a&gt;</msg>
<status status="PASS" starttime="20210922 19:48:06.817" endtime="20210922 19:48:06.938"/>
</kw>
<msg timestamp="20210922 19:48:06.940" level="FAIL">Element with locator '//*[./*[contains(@class, 'icon-email')]]/a' not found.</msg>
<status status="FAIL" starttime="20210922 19:48:06.811" endtime="20210922 19:48:06.940"/>
</kw>
<kw name="Append To List" library="Collections">
<arg>${output}</arg>
<arg>${email}</arg>
<doc>Adds ``values`` to the end of ``list``.</doc>
<status status="NOT RUN" starttime="20210922 19:48:06.941" endtime="20210922 19:48:06.941"/>
</kw>
<status status="FAIL" starttime="20210922 19:48:06.811" endtime="20210922 19:48:06.942"/>
</kw>
<status status="PASS" starttime="20210922 19:48:06.811" endtime="20210922 19:48:06.942"/>
</kw>
<kw name="Run Keyword And Ignore Error" library="BuiltIn">
<arg>Find phone</arg>
<doc>Runs the given keyword with the given arguments and ignores possible error.</doc>
<kw name="Find phone" library="ScrapeKeywords">
<kw name="Get Text" library="SeleniumLibrary">
<var>${phone}</var>
<arg>//*[./*[contains(@class, 'icon-phone')]]</arg>
<doc>Returns the text value of the element identified by ``locator``.</doc>
<kw name="Capture Page Screenshot" library="SeleniumLibrary">
<doc>Takes a screenshot of the current page and embeds it into a log file.</doc>
<msg timestamp="20210922 19:48:07.084" level="INFO" html="true">&lt;/td&gt;&lt;/tr&gt;&lt;tr&gt;&lt;td colspan="3"&gt;&lt;a href="selenium-screenshot-7.png"&gt;&lt;img src="selenium-screenshot-7.png" width="800px"&gt;&lt;/a&gt;</msg>
<status status="PASS" starttime="20210922 19:48:06.951" endtime="20210922 19:48:07.084"/>
</kw>
<msg timestamp="20210922 19:48:07.085" level="FAIL">Element with locator '//*[./*[contains(@class, 'icon-phone')]]' not found.</msg>
<status status="FAIL" starttime="20210922 19:48:06.943" endtime="20210922 19:48:07.085"/>
</kw>
<kw name="Append To List" library="Collections">
<arg>${output}</arg>
<arg>${phone}</arg>
<doc>Adds ``values`` to the end of ``list``.</doc>
<status status="NOT RUN" starttime="20210922 19:48:07.086" endtime="20210922 19:48:07.086"/>
</kw>
<status status="FAIL" starttime="20210922 19:48:06.943" endtime="20210922 19:48:07.086"/>
</kw>
<status status="PASS" starttime="20210922 19:48:06.943" endtime="20210922 19:48:07.086"/>
</kw>
<status status="PASS" starttime="20210922 19:48:06.717" endtime="20210922 19:48:07.086"/>
</kw>
<kw name="Collect result" library="ScrapeKeywords">
<kw name="Get From List" library="Collections">
<var>${name}</var>
<arg>${output}</arg>
<arg>0</arg>
<doc>Returns the value specified with an ``index`` from ``list``.</doc>
<msg timestamp="20210922 19:48:07.087" level="INFO">${name} = FIRST VALLEY FUNDING</msg>
<status status="PASS" starttime="20210922 19:48:07.087" endtime="20210922 19:48:07.087"/>
</kw>
<status status="PASS" starttime="20210922 19:48:07.087" endtime="20210922 19:48:07.088"/>
</kw>
<kw name="Go Back" library="SeleniumLibrary">
<doc>Simulates the user clicking the back button on their browser.</doc>
<status status="PASS" starttime="20210922 19:48:07.088" endtime="20210922 19:48:07.498"/>
</kw>
<status status="PASS" starttime="20210922 19:48:05.616" endtime="20210922 19:48:07.498"/>
</iter>
<iter>
<var name="${index}">7</var>
<kw name="Evaluate" library="BuiltIn">
<var>${url}</var>
<arg>${index} + 1</arg>
<doc>Evaluates the given expression in Python and returns the result.</doc>
<msg timestamp="20210922 19:48:07.499" level="INFO">${url} = 8</msg>
<status status="PASS" starttime="20210922 19:48:07.499" endtime="20210922 19:48:07.499"/>
</kw>
<kw name="Log" library="BuiltIn">
<arg>${url}</arg>
<doc>Logs the given message with the given level.</doc>
<msg timestamp="20210922 19:48:07.500" level="INFO">8</msg>
<status status="PASS" starttime="20210922 19:48:07.499" endtime="20210922 19:48:07.500"/>
</kw>
<kw name="Wait Until Page Contains Element" library="SeleniumLibrary">
<arg>//html/body/div[2]/div[2]/div[1]/div/div/form[1]/button</arg>
<doc>Waits until the element ``locator`` appears on the current page.</doc>
<status status="PASS" starttime="20210922 19:48:07.500" endtime="20210922 19:48:07.629"/>
</kw>
<kw name="Get WebElement" library="SeleniumLibrary">
<var>${new_link}</var>
<arg>//html/body/div[2]/div[2]/div[2]/div/div/div[contains(@class, 'panel-default')][${url}]//a</arg>
<doc>Returns the first WebElement matching the given ``locator``.</doc>
<msg timestamp="20210922 19:48:07.654" level="INFO">${new_link} = &lt;selenium.webdriver.remote.webelement.WebElement (session="64c4ba48645c7b146f14a5ffae96b922", element="3c817f27-7810-49d0-8ea7-acf565af2a3d")&gt;</msg>
<status status="PASS" starttime="20210922 19:48:07.629" endtime="20210922 19:48:07.654"/>
</kw>
<kw name="Get Element Attribute" library="SeleniumLibrary">
<var>${text}</var>
<arg>${new_link}</arg>
<arg>href</arg>
<doc>Returns the value of ``attribute`` from the element ``locator``.</doc>
<msg timestamp="20210922 19:48:07.662" level="INFO">${text} = https://www.aihitdata.com/company/0161FB17/5-star-financial-group/overview</msg>
<status status="PASS" starttime="20210922 19:48:07.655" endtime="20210922 19:48:07.662"/>
</kw>
<kw name="Go To" library="SeleniumLibrary">
<arg>${text}</arg>
<doc>Navigates the current browser window to the provided ``url``.</doc>
<msg timestamp="20210922 19:48:07.663" level="INFO">Opening url 'https://www.aihitdata.com/company/0161FB17/5-star-financial-group/overview'</msg>
<status status="PASS" starttime="20210922 19:48:07.662" endtime="20210922 19:48:08.565"/>
</kw>
<kw name="Search fields" library="ScrapeKeywords">
<kw name="Wait Until Page Contains Element" library="SeleniumLibrary">
<arg>//h1</arg>
<doc>Waits until the element ``locator`` appears on the current page.</doc>
<status status="PASS" starttime="20210922 19:48:08.566" endtime="20210922 19:48:08.574"/>
</kw>
<kw name="Run Keyword And Ignore Error" library="BuiltIn">
<arg>Find name</arg>
<doc>Runs the given keyword with the given arguments and ignores possible error.</doc>
<kw name="Find name" library="ScrapeKeywords">
<kw name="Wait Until Page Contains Element" library="SeleniumLibrary">
<arg>//h1</arg>
<doc>Waits until the element ``locator`` appears on the current page.</doc>
<status status="PASS" starttime="20210922 19:48:08.575" endtime="20210922 19:48:08.581"/>
</kw>
<kw name="Get Text" library="SeleniumLibrary">
<var>${name}</var>
<arg>//h1</arg>
<doc>Returns the text value of the element identified by ``locator``.</doc>
<msg timestamp="20210922 19:48:08.594" level="INFO">${name} = 5 STAR FINANCIAL GROUP</msg>
<status status="PASS" starttime="20210922 19:48:08.581" endtime="20210922 19:48:08.594"/>
</kw>
<kw name="Append To List" library="Collections">
<arg>${output}</arg>
<arg>${name}</arg>
<doc>Adds ``values`` to the end of ``list``.</doc>
<status status="PASS" starttime="20210922 19:48:08.594" endtime="20210922 19:48:08.594"/>
</kw>
<status status="PASS" starttime="20210922 19:48:08.574" endtime="20210922 19:48:08.594"/>
</kw>
<status status="PASS" starttime="20210922 19:48:08.574" endtime="20210922 19:48:08.594"/>
</kw>
<kw name="Run Keyword And Ignore Error" library="BuiltIn">
<arg>Find website</arg>
<doc>Runs the given keyword with the given arguments and ignores possible error.</doc>
<kw name="Find website" library="ScrapeKeywords">
<kw name="Get Text" library="SeleniumLibrary">
<var>${website}</var>
<arg>//*[./*[contains(@class, 'icon-home')]]/a</arg>
<doc>Returns the text value of the element identified by ``locator``.</doc>
<msg timestamp="20210922 19:48:08.613" level="INFO">${website} = mytampabaymortgage.com</msg>
<status status="PASS" starttime="20210922 19:48:08.595" endtime="20210922 19:48:08.613"/>
</kw>
<kw name="Append To List" library="Collections">
<arg>${output}</arg>
<arg>${website}</arg>
<doc>Adds ``values`` to the end of ``list``.</doc>
<status status="PASS" starttime="20210922 19:48:08.613" endtime="20210922 19:48:08.613"/>
</kw>
<status status="PASS" starttime="20210922 19:48:08.594" endtime="20210922 19:48:08.613"/>
</kw>
<status status="PASS" starttime="20210922 19:48:08.594" endtime="20210922 19:48:08.613"/>
</kw>
<kw name="Run Keyword And Ignore Error" library="BuiltIn">
<arg>Find adress</arg>
<doc>Runs the given keyword with the given arguments and ignores possible error.</doc>
<kw name="Find adress" library="ScrapeKeywords">
<kw name="Get Text" library="SeleniumLibrary">
<var>${adress}</var>
<arg>//*[./*[contains(@class, 'icon-map-marker')]]</arg>
<doc>Returns the text value of the element identified by ``locator``.</doc>
<msg timestamp="20210922 19:48:08.691" level="INFO">${adress} = 1503 South US Hwy 301, STE 109 Tampa, FL 33619</msg>
<status status="PASS" starttime="20210922 19:48:08.614" endtime="20210922 19:48:08.691"/>
</kw>
<kw name="Append To List" library="Collections">
<arg>${output}</arg>
<arg>${adress}</arg>
<doc>Adds ``values`` to the end of ``list``.</doc>
<status status="PASS" starttime="20210922 19:48:08.691" endtime="20210922 19:48:08.692"/>
</kw>
<status status="PASS" starttime="20210922 19:48:08.614" endtime="20210922 19:48:08.692"/>
</kw>
<status status="PASS" starttime="20210922 19:48:08.613" endtime="20210922 19:48:08.692"/>
</kw>
<kw name="Run Keyword And Ignore Error" library="BuiltIn">
<arg>Find email</arg>
<doc>Runs the given keyword with the given arguments and ignores possible error.</doc>
<kw name="Find email" library="ScrapeKeywords">
<kw name="Get Text" library="SeleniumLibrary">
<var>${email}</var>
<arg>//*[./*[contains(@class, 'icon-email')]]/a</arg>
<doc>Returns the text value of the element identified by ``locator``.</doc>
<kw name="Capture Page Screenshot" library="SeleniumLibrary">
<doc>Takes a screenshot of the current page and embeds it into a log file.</doc>
<msg timestamp="20210922 19:48:08.884" level="INFO" html="true">&lt;/td&gt;&lt;/tr&gt;&lt;tr&gt;&lt;td colspan="3"&gt;&lt;a href="selenium-screenshot-8.png"&gt;&lt;img src="selenium-screenshot-8.png" width="800px"&gt;&lt;/a&gt;</msg>
<status status="PASS" starttime="20210922 19:48:08.732" endtime="20210922 19:48:08.884"/>
</kw>
<msg timestamp="20210922 19:48:08.886" level="FAIL">Element with locator '//*[./*[contains(@class, 'icon-email')]]/a' not found.</msg>
<status status="FAIL" starttime="20210922 19:48:08.693" endtime="20210922 19:48:08.887"/>
</kw>
<kw name="Append To List" library="Collections">
<arg>${output}</arg>
<arg>${email}</arg>
<doc>Adds ``values`` to the end of ``list``.</doc>
<status status="NOT RUN" starttime="20210922 19:48:08.887" endtime="20210922 19:48:08.887"/>
</kw>
<status status="FAIL" starttime="20210922 19:48:08.693" endtime="20210922 19:48:08.888"/>
</kw>
<status status="PASS" starttime="20210922 19:48:08.692" endtime="20210922 19:48:08.889"/>
</kw>
<kw name="Run Keyword And Ignore Error" library="BuiltIn">
<arg>Find phone</arg>
<doc>Runs the given keyword with the given arguments and ignores possible error.</doc>
<kw name="Find phone" library="ScrapeKeywords">
<kw name="Get Text" library="SeleniumLibrary">
<var>${phone}</var>
<arg>//*[./*[contains(@class, 'icon-phone')]]</arg>
<doc>Returns the text value of the element identified by ``locator``.</doc>
<kw name="Capture Page Screenshot" library="SeleniumLibrary">
<doc>Takes a screenshot of the current page and embeds it into a log file.</doc>
[...]
<status status="PASS" starttime="20210922 19:48:47.598" endtime="20210922 19:48:47.603"/>
</kw>
<kw name="Run Keyword And Ignore Error" library="BuiltIn">
<arg>Find name</arg>
<doc>Runs the given keyword with the given arguments and ignores possible error.</doc>
<kw name="Find name" library="ScrapeKeywords">
<kw name="Wait Until Page Contains Element" library="SeleniumLibrary">
<arg>//h1</arg>
<doc>Waits until the element ``locator`` appears on the current page.</doc>
<status status="PASS" starttime="20210922 19:48:47.603" endtime="20210922 19:48:47.609"/>
</kw>
<kw name="Get Text" library="SeleniumLibrary">
<var>${name}</var>
<arg>//h1</arg>
<doc>Returns the text value of the element identified by ``locator``.</doc>
<msg timestamp="20210922 19:48:47.620" level="INFO">${name} = TEXAS LENDING NETWORK</msg>
<status status="PASS" starttime="20210922 19:48:47.609" endtime="20210922 19:48:47.620"/>
</kw>
<kw name="Append To List" library="Collections">
<arg>${output}</arg>
<arg>${name}</arg>
<doc>Adds ``values`` to the end of ``list``.</doc>
<status status="PASS" starttime="20210922 19:48:47.620" endtime="20210922 19:48:47.621"/>
</kw>
<status status="PASS" starttime="20210922 19:48:47.603" endtime="20210922 19:48:47.621"/>
</kw>
<status status="PASS" starttime="20210922 19:48:47.603" endtime="20210922 19:48:47.621"/>
</kw>
<kw name="Run Keyword And Ignore Error" library="BuiltIn">
<arg>Find website</arg>
<doc>Runs the given keyword with the given arguments and ignores possible error.</doc>
<kw name="Find website" library="ScrapeKeywords">
<kw name="Get Text" library="SeleniumLibrary">
<var>${website}</var>
<arg>//*[./*[contains(@class, 'icon-home')]]/a</arg>
<doc>Returns the text value of the element identified by ``locator``.</doc>
<msg timestamp="20210922 19:48:47.641" level="INFO">${website} = www.texaslendingnetwork.com</msg>
<status status="PASS" starttime="20210922 19:48:47.621" endtime="20210922 19:48:47.641"/>
</kw>
<kw name="Append To List" library="Collections">
<arg>${output}</arg>
<arg>${website}</arg>
<doc>Adds ``values`` to the end of ``list``.</doc>
<status status="PASS" starttime="20210922 19:48:47.641" endtime="20210922 19:48:47.641"/>
</kw>
<status status="PASS" starttime="20210922 19:48:47.621" endtime="20210922 19:48:47.641"/>
</kw>
<status status="PASS" starttime="20210922 19:48:47.621" endtime="20210922 19:48:47.641"/>
</kw>
<kw name="Run Keyword And Ignore Error" library="BuiltIn">
<arg>Find adress</arg>
<doc>Runs the given keyword with the given arguments and ignores possible error.</doc>
<kw name="Find adress" library="ScrapeKeywords">
<kw name="Get Text" library="SeleniumLibrary">
<var>${adress}</var>
<arg>//*[./*[contains(@class, 'icon-map-marker')]]</arg>
<doc>Returns the text value of the element identified by ``locator``.</doc>
<msg timestamp="20210922 19:48:47.747" level="INFO">${adress} = US-69 N, Beaumont, Texas 77705, United States</msg>
<status status="PASS" starttime="20210922 19:48:47.642" endtime="20210922 19:48:47.747"/>
</kw>
<kw name="Append To List" library="Collections">
<arg>${output}</arg>
<arg>${adress}</arg>
<doc>Adds ``values`` to the end of ``list``.</doc>
<status status="PASS" starttime="20210922 19:48:47.747" endtime="20210922 19:48:47.747"/>
</kw>
<status status="PASS" starttime="20210922 19:48:47.642" endtime="20210922 19:48:47.748"/>
</kw>
<status status="PASS" starttime="20210922 19:48:47.642" endtime="20210922 19:48:47.748"/>
</kw>
<kw name="Run Keyword And Ignore Error" library="BuiltIn">
<arg>Find email</arg>
<doc>Runs the given keyword with the given arguments and ignores possible error.</doc>
<kw name="Find email" library="ScrapeKeywords">
<kw name="Get Text" library="SeleniumLibrary">
<var>${email}</var>
<arg>//*[./*[contains(@class, 'icon-email')]]/a</arg>
<doc>Returns the text value of the element identified by ``locator``.</doc>
<kw name="Capture Page Screenshot" library="SeleniumLibrary">
<doc>Takes a screenshot of the current page and embeds it into a log file.</doc>
<msg timestamp="20210922 19:48:47.897" level="INFO" html="true">&lt;/td&gt;&lt;/tr&gt;&lt;tr&gt;&lt;td colspan="3"&gt;&lt;a href="selenium-screenshot-16.png"&gt;&lt;img src="selenium-screenshot-16.png" width="800px"&gt;&lt;/a&gt;</msg>
<status status="PASS" starttime="20210922 19:48:47.759" endtime="20210922 19:48:47.897"/>
</kw>
<msg timestamp="20210922 19:48:47.898" level="FAIL">Element with locator '//*[./*[contains(@class, 'icon-email')]]/a' not found.</msg>
<status status="FAIL" starttime="20210922 19:48:47.748" endtime="20210922 19:48:47.898"/>
</kw>
<kw name="Append To List" library="Collections">
<arg>${output}</arg>
<arg>${email}</arg>
<doc>Adds ``values`` to the end of ``list``.</doc>
<status status="NOT RUN" starttime="20210922 19:48:47.899" endtime="20210922 19:48:47.899"/>
</kw>
<status status="FAIL" starttime="20210922 19:48:47.748" endtime="20210922 19:48:47.899"/>
</kw>
<status status="PASS" starttime="20210922 19:48:47.748" endtime="20210922 19:48:47.899"/>
</kw>
<kw name="Run Keyword And Ignore Error" library="BuiltIn">
<arg>Find phone</arg>
<doc>Runs the given keyword with the given arguments and ignores possible error.</doc>
<kw name="Find phone" library="ScrapeKeywords">
<kw name="Get Text" library="SeleniumLibrary">
<var>${phone}</var>
<arg>//*[./*[contains(@class, 'icon-phone')]]</arg>
<doc>Returns the text value of the element identified by ``locator``.</doc>
<kw name="Capture Page Screenshot" library="SeleniumLibrary">
<doc>Takes a screenshot of the current page and embeds it into a log file.</doc>
<msg timestamp="20210922 19:48:48.053" level="INFO" html="true">&lt;/td&gt;&lt;/tr&gt;&lt;tr&gt;&lt;td colspan="3"&gt;&lt;a href="selenium-screenshot-17.png"&gt;&lt;img src="selenium-screenshot-17.png" width="800px"&gt;&lt;/a&gt;</msg>
<status status="PASS" starttime="20210922 19:48:47.906" endtime="20210922 19:48:48.054"/>
</kw>
<msg timestamp="20210922 19:48:48.055" level="FAIL">Element with locator '//*[./*[contains(@class, 'icon-phone')]]' not found.</msg>
<status status="FAIL" starttime="20210922 19:48:47.900" endtime="20210922 19:48:48.055"/>
</kw>
<kw name="Append To List" library="Collections">
<arg>${output}</arg>
<arg>${phone}</arg>
<doc>Adds ``values`` to the end of ``list``.</doc>
<status status="NOT RUN" starttime="20210922 19:48:48.056" endtime="20210922 19:48:48.056"/>
</kw>
<status status="FAIL" starttime="20210922 19:48:47.900" endtime="20210922 19:48:48.057"/>
</kw>
<status status="PASS" starttime="20210922 19:48:47.899" endtime="20210922 19:48:48.057"/>
</kw>
<status status="PASS" starttime="20210922 19:48:47.597" endtime="20210922 19:48:48.057"/>
</kw>
<kw name="Collect result" library="ScrapeKeywords">
<kw name="Get From List" library="Collections">
<var>${name}</var>
<arg>${output}</arg>
<arg>0</arg>
<doc>Returns the value specified with an ``index`` from ``list``.</doc>
<msg timestamp="20210922 19:48:48.058" level="INFO">${name} = FIRST VALLEY FUNDING</msg>
<status status="PASS" starttime="20210922 19:48:48.058" endtime="20210922 19:48:48.058"/>
</kw>
<status status="PASS" starttime="20210922 19:48:48.057" endtime="20210922 19:48:48.058"/>
</kw>
<kw name="Go Back" library="SeleniumLibrary">
<doc>Simulates the user clicking the back button on their browser.</doc>
<status status="PASS" starttime="20210922 19:48:48.058" endtime="20210922 19:48:48.558"/>
</kw>
<status status="PASS" starttime="20210922 19:48:46.680" endtime="20210922 19:48:48.558"/>
</iter>
<status status="PASS" starttime="20210922 19:47:52.798" endtime="20210922 19:48:48.558"/>
</for>
<status status="PASS" starttime="20210922 19:47:52.788" endtime="20210922 19:48:48.559"/>
</kw>
<kw name="Show Results" library="CollectScrapingKeywords">
<kw name="Log Many" library="BuiltIn">
<arg>@{output}</arg>
<doc>Logs the given messages as separate entries using the INFO level.</doc>
<msg timestamp="20210922 19:48:48.560" level="INFO">FIRST VALLEY FUNDING</msg>
<msg timestamp="20210922 19:48:48.560" level="INFO">firstvalleymortgages.com</msg>
<msg timestamp="20210922 19:48:48.560" level="INFO">1031 US-202 North Branchburg, NJ 08876</msg>
<msg timestamp="20210922 19:48:48.560" level="INFO">firstvalleyfunding@gmail.com</msg>
<msg timestamp="20210922 19:48:48.560" level="INFO">CBC NATIONAL BANKS</msg>
<msg timestamp="20210922 19:48:48.560" level="INFO">www.cbcnationalbankmortgage.com</msg>
<msg timestamp="20210922 19:48:48.560" level="INFO">4705 West US HWY 90, Lake City, FL, 32055</msg>
<msg timestamp="20210922 19:48:48.560" level="INFO">HOME POSSIBLE</msg>
<msg timestamp="20210922 19:48:48.560" level="INFO">smchomeloan.com</msg>
<msg timestamp="20210922 19:48:48.560" level="INFO">Smart Mortgage Centers 38852 US-19, Tarpon Springs, FL 34689</msg>
<msg timestamp="20210922 19:48:48.560" level="INFO">34689(888)429-6601</msg>
<msg timestamp="20210922 19:48:48.560" level="INFO">RAM MORTGAGE PARTNERS</msg>
<msg timestamp="20210922 19:48:48.560" level="INFO">www.gorammp.com</msg>
<msg timestamp="20210922 19:48:48.560" level="INFO">288 US Highway 22 Green Brook, NJ 08812</msg>
<msg timestamp="20210922 19:48:48.560" level="INFO">info@gorammp.com</msg>
<msg timestamp="20210922 19:48:48.560" level="INFO">(732)424-3610</msg>
<msg timestamp="20210922 19:48:48.560" level="INFO">RELIANT APPRAISALS</msg>
<msg timestamp="20210922 19:48:48.560" level="INFO">www.reliantappraisals.com</msg>
<msg timestamp="20210922 19:48:48.560" level="INFO">20770 US Hwy 281 N; Ste 108-228 San Antonio, TX 78258</msg>
<msg timestamp="20210922 19:48:48.560" level="INFO">210-689-6907</msg>
<msg timestamp="20210922 19:48:48.560" level="INFO">YOUR COMPLETE FLORIDA MORTGAGE COMPANY</msg>
<msg timestamp="20210922 19:48:48.560" level="INFO">www.manningfinancial.com</msg>
<msg timestamp="20210922 19:48:48.560" level="INFO">9412 N US HIGHWAY 1 SEBASTIAN, FL 32958</msg>
<msg timestamp="20210922 19:48:48.560" level="INFO">omelody@bellsouth.net</msg>
<msg timestamp="20210922 19:48:48.560" level="INFO">(772)589-0097</msg>
<msg timestamp="20210922 19:48:48.560" level="INFO">CERTIFIED APPRAISALS GROUP</msg>
<msg timestamp="20210922 19:48:48.560" level="INFO">www.certifiedappraisalsgroup.com</msg>
<msg timestamp="20210922 19:48:48.560" level="INFO">6319 E US Hwy 36; Box 2 Avon, IN 46123</msg>
<msg timestamp="20210922 19:48:48.560" level="INFO">5 STAR FINANCIAL GROUP</msg>
<msg timestamp="20210922 19:48:48.560" level="INFO">mytampabaymortgage.com</msg>
<msg timestamp="20210922 19:48:48.561" level="INFO">1503 South US Hwy 301, STE 109 Tampa, FL 33619</msg>
<msg timestamp="20210922 19:48:48.561" level="INFO">ED BUCHSER</msg>
<msg timestamp="20210922 19:48:48.561" level="INFO">www.atlantichomeloans.com</msg>
<msg timestamp="20210922 19:48:48.561" level="INFO">50 US 46 Parsippany, NJ 07058</msg>
<msg timestamp="20210922 19:48:48.561" level="INFO">support@atlantichomeloans.com</msg>
<msg timestamp="20210922 19:48:48.561" level="INFO">18775986500</msg>
<msg timestamp="20210922 19:48:48.561" level="INFO">HRISHIKESH DESAI</msg>
<msg timestamp="20210922 19:48:48.561" level="INFO">www.atlantichomeloans.com</msg>
<msg timestamp="20210922 19:48:48.561" level="INFO">50 US 46 Parsippany, NJ 07058</msg>
<msg timestamp="20210922 19:48:48.561" level="INFO">support@atlantichomeloans.com</msg>
<msg timestamp="20210922 19:48:48.561" level="INFO">18775986500</msg>
<msg timestamp="20210922 19:48:48.561" level="INFO">J &amp; S MORTGAGE</msg>
<msg timestamp="20210922 19:48:48.561" level="INFO">www.jsmortgageinc.com</msg>
<msg timestamp="20210922 19:48:48.561" level="INFO">311 Exton Commons, Exton, Pa 19341</msg>
<msg timestamp="20210922 19:48:48.561" level="INFO">home@jsmortgageinc.com</msg>
<msg timestamp="20210922 19:48:48.561" level="INFO">SCOTT LIEF</msg>
<msg timestamp="20210922 19:48:48.561" level="INFO">www.atlantichomeloans.com</msg>
<msg timestamp="20210922 19:48:48.561" level="INFO">50 US 46 Parsippany, NJ 07058</msg>
<msg timestamp="20210922 19:48:48.561" level="INFO">support@atlantichomeloans.com</msg>
<msg timestamp="20210922 19:48:48.561" level="INFO">18775986500</msg>
<msg timestamp="20210922 19:48:48.561" level="INFO">PAUL ROSSITTO</msg>
<msg timestamp="20210922 19:48:48.561" level="INFO">www.atlantichomeloans.com</msg>
<msg timestamp="20210922 19:48:48.561" level="INFO">50 US 46 Parsippany, NJ 07058</msg>
<msg timestamp="20210922 19:48:48.561" level="INFO">support@atlantichomeloans.com</msg>
<msg timestamp="20210922 19:48:48.561" level="INFO">18775986500</msg>
<msg timestamp="20210922 19:48:48.561" level="INFO">WENDY LEWERS</msg>
<msg timestamp="20210922 19:48:48.561" level="INFO">www.atlantichomeloans.com</msg>
<msg timestamp="20210922 19:48:48.561" level="INFO">50 US 46 Parsippany, NJ 07058</msg>
<msg timestamp="20210922 19:48:48.562" level="INFO">support@atlantichomeloans.com</msg>
<msg timestamp="20210922 19:48:48.562" level="INFO">18775986500</msg>
<msg timestamp="20210922 19:48:48.562" level="INFO">DEBORAH MERRITT</msg>
<msg timestamp="20210922 19:48:48.562" level="INFO">www.atlantichomeloans.com</msg>
<msg timestamp="20210922 19:48:48.562" level="INFO">50 US 46 Parsippany, NJ 07058</msg>
<msg timestamp="20210922 19:48:48.562" level="INFO">support@atlantichomeloans.com</msg>
<msg timestamp="20210922 19:48:48.562" level="INFO">18775986500</msg>
<msg timestamp="20210922 19:48:48.562" level="INFO">CONCIERGE MORTGAGE</msg>
<msg timestamp="20210922 19:48:48.562" level="INFO">www.conciergemortgage.com</msg>
<msg timestamp="20210922 19:48:48.562" level="INFO">6840 Caine Road Columbus, Ohio 43235</msg>
<msg timestamp="20210922 19:48:48.562" level="INFO">clientservices@conciergemortgage.com</msg>
<msg timestamp="20210922 19:48:48.562" level="INFO">1-866-654-5363option1</msg>
<msg timestamp="20210922 19:48:48.562" level="INFO">WENDY MOLLOY</msg>
<msg timestamp="20210922 19:48:48.562" level="INFO">www.atlantichomeloans.com</msg>
<msg timestamp="20210922 19:48:48.562" level="INFO">50 US 46 Parsippany, NJ 07058</msg>
<msg timestamp="20210922 19:48:48.562" level="INFO">support@atlantichomeloans.com</msg>
<msg timestamp="20210922 19:48:48.562" level="INFO">18775986500</msg>
<msg timestamp="20210922 19:48:48.562" level="INFO">LINCOLN UNITED MORTGAGE CORPORATION</msg>
<msg timestamp="20210922 19:48:48.562" level="INFO">lincolnunitedmtg.com</msg>
<msg timestamp="20210922 19:48:48.562" level="INFO">PA 18966, US</msg>
<msg timestamp="20210922 19:48:48.563" level="INFO">(215)942-9999</msg>
<msg timestamp="20210922 19:48:48.563" level="INFO">PLATINUM MORTGAGE SOLUTIONS</msg>
<msg timestamp="20210922 19:48:48.563" level="INFO">www.platinumadvice.co.uk</msg>
<msg timestamp="20210922 19:48:48.563" level="INFO">High Street Centre, 137-139 High Street, Beckenham, Kent BR3 1AG</msg>
<msg timestamp="20210922 19:48:48.563" level="INFO">office@platinumadvice.co.uk</msg>
<msg timestamp="20210922 19:48:48.563" level="INFO">YOUR MORTGAGE SOURCE</msg>
<msg timestamp="20210922 19:48:48.563" level="INFO">www.urmortgagesource.com</msg>
<msg timestamp="20210922 19:48:48.563" level="INFO">29275 US Hwy 19 N Clearwater, FL 33761</msg>
<msg timestamp="20210922 19:48:48.563" level="INFO">inge@urmortgagesource.com</msg>
<msg timestamp="20210922 19:48:48.563" level="INFO">727-787-2299</msg>
<msg timestamp="20210922 19:48:48.563" level="INFO">ADVENTAS MORTGAGE</msg>
<msg timestamp="20210922 19:48:48.563" level="INFO">adventasmortgage.com</msg>
<msg timestamp="20210922 19:48:48.563" level="INFO">2436 US HWY 41 Schererville, IN 46375</msg>
<msg timestamp="20210922 19:48:48.563" level="INFO">crosby@adventasmortgage.com</msg>
<msg timestamp="20210922 19:48:48.563" level="INFO">(219)365-6351</msg>
<msg timestamp="20210922 19:48:48.563" level="INFO">ASSET DEPLETION</msg>
<msg timestamp="20210922 19:48:48.563" level="INFO">www.assetdepletion.com</msg>
<msg timestamp="20210922 19:48:48.563" level="INFO">1918 Poling Farm Road, NY US</msg>
<msg timestamp="20210922 19:48:48.563" level="INFO">info@assetdepletion.com</msg>
<msg timestamp="20210922 19:48:48.563" level="INFO">919-993-1000</msg>
<msg timestamp="20210922 19:48:48.563" level="INFO">SAI MORTGAGE</msg>
<msg timestamp="20210922 19:48:48.563" level="INFO">www.saimortgage.com</msg>
<msg timestamp="20210922 19:48:48.563" level="INFO">6225 Brandon Ave # 410 Springfield, VA, US 22150</msg>
<msg timestamp="20210922 19:48:48.563" level="INFO">saleem@saimortgage.com</msg>
<msg timestamp="20210922 19:48:48.563" level="INFO">+1703-980-1663</msg>
<msg timestamp="20210922 19:48:48.563" level="INFO">MONEY STREET MORTGAGE</msg>
<msg timestamp="20210922 19:48:48.563" level="INFO">moneystreetmortgage.com</msg>
<msg timestamp="20210922 19:48:48.563" level="INFO">29399 US 19 N #350 Clearwater, FL. 33761</msg>
<msg timestamp="20210922 19:48:48.563" level="INFO">727-545-5626</msg>
<msg timestamp="20210922 19:48:48.564" level="INFO">MARLENE CRAWFORD</msg>
<msg timestamp="20210922 19:48:48.564" level="INFO">www.urmortgagesource.com</msg>
<msg timestamp="20210922 19:48:48.564" level="INFO">29275 US Hwy 19 N Clearwater, FL 33761</msg>
<msg timestamp="20210922 19:48:48.564" level="INFO">mail@urmortgagesource.com</msg>
<msg timestamp="20210922 19:48:48.564" level="INFO">727-787-2299</msg>
<msg timestamp="20210922 19:48:48.564" level="INFO">WEBUYHOUSES4CASH</msg>
<msg timestamp="20210922 19:48:48.564" level="INFO">webuy-houses4cash.com</msg>
<msg timestamp="20210922 19:48:48.564" level="INFO">PA 18940 US</msg>
<msg timestamp="20210922 19:48:48.564" level="INFO">(267)342-0511</msg>
<msg timestamp="20210922 19:48:48.564" level="INFO">ARCHWAY MORTGAGE</msg>
<msg timestamp="20210922 19:48:48.564" level="INFO">archwaymortgage.com</msg>
<msg timestamp="20210922 19:48:48.564" level="INFO">6290 US hwy 11, Springville, AL 35146</msg>
<msg timestamp="20210922 19:48:48.564" level="INFO">(205)405-4799</msg>
<msg timestamp="20210922 19:48:48.564" level="INFO">MARTAN ENTERPRISES</msg>
<msg timestamp="20210922 19:48:48.564" level="INFO">www.martanenterprises.com</msg>
<msg timestamp="20210922 19:48:48.564" level="INFO">Rd Birmingham AL 35223 US</msg>
<msg timestamp="20210922 19:48:48.564" level="INFO">martan.ent@gmail.com</msg>
<msg timestamp="20210922 19:48:48.564" level="INFO">+12059678722</msg>
<msg timestamp="20210922 19:48:48.564" level="INFO">MCNICHOLL FINANCIAL SERVICES</msg>
<msg timestamp="20210922 19:48:48.564" level="INFO">mcnichollmortgages.co.uk</msg>
<msg timestamp="20210922 19:48:48.564" level="INFO">Drumard Cross Road, Dungannon, Co Tyrone, BT71 6HS</msg>
<msg timestamp="20210922 19:48:48.564" level="INFO">info@mcnichollfinancial.co.uk</msg>
<msg timestamp="20210922 19:48:48.564" level="INFO">02887761137</msg>
<msg timestamp="20210922 19:48:48.564" level="INFO">TEXAS LENDING NETWORK</msg>
<msg timestamp="20210922 19:48:48.564" level="INFO">www.texaslendingnetwork.com</msg>
<msg timestamp="20210922 19:48:48.564" level="INFO">US-69 N, Beaumont, Texas 77705, United States</msg>
<status status="PASS" starttime="20210922 19:48:48.559" endtime="20210922 19:48:48.564"/>
</kw>
<status status="PASS" starttime="20210922 19:48:48.559" endtime="20210922 19:48:48.565"/>
</kw>
<kw name="Finish TestCase" library="CommonFunctionality">
<kw name="Close Browser" library="SeleniumLibrary">
<doc>Closes the current browser.</doc>
<status status="PASS" starttime="20210922 19:48:48.566" endtime="20210922 19:48:50.668"/>
</kw>
<status status="PASS" starttime="20210922 19:48:48.565" endtime="20210922 19:48:50.668"/>
</kw>
<doc>This test collect scrape case</doc>
<tag>Functional</tag>
<status status="PASS" starttime="20210922 19:47:52.787" endtime="20210922 19:48:50.669"/>
</test>
<status status="PASS" starttime="20210922 19:47:44.146" endtime="20210922 19:48:50.670"/>
</suite>
<statistics>
<total>
<stat pass="3" fail="0" skip="0">All Tests</stat>
</total>
<tag>
<stat pass="3" fail="0" skip="0">Functional</stat>
</tag>
<suite>
<stat pass="3" fail="0" skip="0" id="s1" name="Zoral">Zoral</stat>
</suite>
</statistics>
<errors>
</errors>
</robot>
